Sun Dec 30 01:17:34 2018				Page     1


 
Update Symbols/Modules Logfile
	Sun Dec 30 01:17:34 2018

------ Module Refresh Messages ------

SUMMARY:    Updated 0 out of 0 modules

------ End Module Messages     ------



(---------------------------------------------------------------------)
(                                                                     )
(    Refresh Symbol                                                   )
(                                                                     )
(    Drawing          : TNSP_USBHUB3.brd                              )
(    Software Version : 16.6-2015S071                                 )
(    Date/Time        : Sun Dec 30 01:17:35 2018                      )
(                                                                     )
(---------------------------------------------------------------------)


Sun Dec 30 01:17:35 2018				Page     1


------ Symbol Refresh Directives ------

Input design  = 'F:/Learning/PCB/PCB - thay Toa/PCB_class/Send_to_Students/Exercise1_Cloudshield_600-0129-001/LIB/TNSP_USBHUB3.brd'
Output design = ''

Update mechanical symbols              = 'NO'
Update format symbols                  = 'NO'
Update package symbols                 = 'NO'
Update shape/flash symbols             = 'NO'
Update symbol padstacks                = 'NO'
Preserve padstacks replaced on pins    = 'NO'
Reset symbol text and size locations   = 'NO'
Reset Pin Escapes (fanouts)            = 'NO'
Ripup Etch                             = 'NO'
Reset custom drill data                = 'NO'
Symbol list file                       = 'C:/Users/THINHP~1/AppData/Local/Temp/#Taaaaab08188.tmp'


------ Library Paths ------
PSMPATH =  . 
           symbols 
           .. 
           ../symbols 
           C:/Cadence/SPB_16.6/share/local/pcb/symbols 
           C:/Cadence/SPB_16.6/share/pcb/pcb_lib/symbols 
           C:/Cadence/SPB_16.6/share/pcb/allegrolib/symbols 

PADPATH =  . 
           symbols 
           .. 
           ../symbols 
           C:/Cadence/SPB_16.6/share/local/pcb/padstacks 
           C:/Cadence/SPB_16.6/share/pcb/pcb_lib/symbols 
           C:/Cadence/SPB_16.6/share/pcb/allegrolib/symbols 


------ Symbol Refresh Messages ------

'NEC_TQFP_48'  symbol refreshed successfully.

'MOLEX_672983091'  symbol starting to refresh:
     ERROR(SPMHNI-254): Unable to load symbol, 'MOLEX_672983091': 'ERROR(SPMHDB-243): Cannot modify element; the object or a paren~
     t has the FIXED property. [help]'.
     

'TI_SON_10'  symbol starting to refresh:
     ERROR(SPMHNI-270): 10 pins found in the symbol in the physical design, but missing from library symbol. They are:
            11,10,9,8,7,6,4,3,2,1



----- Symbol Update Summary ----

Updated symbols: 1 out 3
    Design updated.

