A!FILM_NAME!CLASS!SUBCLASS!ROTATION!OFFSET_X!OFFSET_Y!UNDEFINED_LINE_WIDTH!SHAPE_BOUNDING_BOX!PLOT_MODE!FILM_MIRRORED!FULL_CONTACT_THERMAL_RELIEFS!SUPPRESS_UNCONNECTED_PADS!DRAW_MISSING_PAD_APERTURES!USE_APERTURE_ROTATION!SUPPRESS_SHAPE_FILL!VECTOR_BASED_PAD_BEHAVIOR!
J!F:/PCB_class/Send_to_Students/Exercise1_Cloudshield_600-0129-001/Fabnote+Logo/USB_HUNB3_5Sep18.brd!Oct 17 22:01:46 2018!28030.8!-21969.2!19938.1!-30061.9!1!mils!!!4!out of date!
S!TPL!PIN!SOLDERMASK_TOP!0!0.0!0.0!0.0!2540.0!positive!no!no!no!no!no!no!yes!
S!TPL!PIN!PASTEMASK_TOP!0!0.0!0.0!0.0!2540.0!positive!no!no!no!no!no!no!yes!
S!TPL!PIN!TOP!0!0.0!0.0!0.0!2540.0!positive!no!no!no!no!no!no!yes!
S!TPL!PACKAGE GEOMETRY!ASSEMBLY_TOP!0!0.0!0.0!0.0!2540.0!positive!no!no!no!no!no!no!yes!
S!TPL!PACKAGE GEOMETRY!PLACE_BOUND_TOP!0!0.0!0.0!0.0!2540.0!positive!no!no!no!no!no!no!yes!
S!TPL!BOARD GEOMETRY!OUTLINE!0!0.0!0.0!0.0!2540.0!positive!no!no!no!no!no!no!yes!
S!L2_POWER1!VIA CLASS!POWER_1!0!0.0!0.0!0.0!100.0!positive!no!no!no!no!no!no!yes!
S!L2_POWER1!PIN!POWER_1!0!0.0!0.0!0.0!100.0!positive!no!no!no!no!no!no!yes!
S!L2_POWER1!ETCH!POWER_1!0!0.0!0.0!0.0!100.0!positive!no!no!no!no!no!no!yes!
S!L2_POWER1!BOARD GEOMETRY!OUTLINE!0!0.0!0.0!0.0!100.0!positive!no!no!no!no!no!no!yes!
S!L3_POWER2!VIA CLASS!POWER_2!0!0.0!0.0!0.0!100.0!positive!no!no!no!no!no!no!yes!
S!L3_POWER2!PIN!POWER_2!0!0.0!0.0!0.0!100.0!positive!no!no!no!no!no!no!yes!
S!L3_POWER2!ETCH!POWER_2!0!0.0!0.0!0.0!100.0!positive!no!no!no!no!no!no!yes!
S!L3_POWER2!BOARD GEOMETRY!OUTLINE!0!0.0!0.0!0.0!100.0!positive!no!no!no!no!no!no!yes!
S!PANEL!DRAWING FORMAT!OUTLINE!0!0.0!0.0!5.0!0.0!positive!no!no!no!no!yes!no!yes!
S!PANEL!DRAWING FORMAT!PANEL!0!0.0!0.0!5.0!0.0!positive!no!no!no!no!yes!no!yes!
S!PANEL!BOARD GEOMETRY!OUTLINE!0!0.0!0.0!5.0!0.0!positive!no!no!no!no!yes!no!yes!
S!PANEL!BOARD GEOMETRY!LOGO_OUTLINE!0!0.0!0.0!5.0!0.0!positive!no!no!no!no!yes!no!yes!
S!FAB!BOARD GEOMETRY!FAB_NOTE!0!0.0!0.0!5.0!0.0!positive!no!no!no!no!yes!no!yes!
S!FAB!MANUFACTURING!NCLEGEND-1-4!0!0.0!0.0!5.0!0.0!positive!no!no!no!no!yes!no!yes!
S!FAB!MANUFACTURING!NCDRILL_LEGEND!0!0.0!0.0!5.0!0.0!positive!no!no!no!no!yes!no!yes!
S!FAB!MANUFACTURING!NCDRILL_FIGURE!0!0.0!0.0!5.0!0.0!positive!no!no!no!no!yes!no!yes!
S!FAB!DRAWING FORMAT!OUTLINE!0!0.0!0.0!5.0!0.0!positive!no!no!no!no!yes!no!yes!
S!FAB!DRAWING FORMAT!FAB_NOTE!0!0.0!0.0!5.0!0.0!positive!no!no!no!no!yes!no!yes!
S!FAB!BOARD GEOMETRY!OUTLINE!0!0.0!0.0!5.0!0.0!positive!no!no!no!no!yes!no!yes!
S!FAB!BOARD GEOMETRY!DIMENSION!0!0.0!0.0!5.0!0.0!positive!no!no!no!no!yes!no!yes!
S!FAB!BOARD GEOMETRY!LOGO_OUTLINE!0!0.0!0.0!5.0!0.0!positive!no!no!no!no!yes!no!yes!
S!ASSY_BOTTOM!REF DES!ASSEMBLY_BOTTOM!0!0.0!0.0!4.0!0.0!positive!no!no!no!no!yes!no!yes!
S!ASSY_BOTTOM!PACKAGE GEOMETRY!ASSEMBLY_BOTTOM!0!0.0!0.0!4.0!0.0!positive!no!no!no!no!yes!no!yes!
S!ASSY_BOTTOM!DRAWING FORMAT!OUTLINE_M!0!0.0!0.0!4.0!0.0!positive!no!no!no!no!yes!no!yes!
S!ASSY_BOTTOM!DRAWING FORMAT!ASSEMBLY_BOTTOM!0!0.0!0.0!4.0!0.0!positive!no!no!no!no!yes!no!yes!
S!ASSY_BOTTOM!BOARD GEOMETRY!OUTLINE!0!0.0!0.0!4.0!0.0!positive!no!no!no!no!yes!no!yes!
S!ASSY_BOTTOM!BOARD GEOMETRY!LOGO_OUTLINE_M!0!0.0!0.0!4.0!0.0!positive!no!no!no!no!yes!no!yes!
S!ASSY_TOP!REF DES!ASSEMBLY_TOP!0!0.0!0.0!4.0!0.0!positive!no!no!no!no!yes!no!yes!
S!ASSY_TOP!PACKAGE GEOMETRY!ASSEMBLY_TOP!0!0.0!0.0!4.0!0.0!positive!no!no!no!no!yes!no!yes!
S!ASSY_TOP!DRAWING FORMAT!OUTLINE!0!0.0!0.0!4.0!0.0!positive!no!no!no!no!yes!no!yes!
S!ASSY_TOP!DRAWING FORMAT!ASSEMBLY_TOP!0!0.0!0.0!4.0!0.0!positive!no!no!no!no!yes!no!yes!
S!ASSY_TOP!BOARD GEOMETRY!OUTLINE!0!0.0!0.0!4.0!0.0!positive!no!no!no!no!yes!no!yes!
S!ASSY_TOP!BOARD GEOMETRY!LOGO_OUTLINE!0!0.0!0.0!4.0!0.0!positive!no!no!no!no!yes!no!yes!
S!PASTE_BOTTOM!PIN!PASTEMASK_BOTTOM!0!0.0!0.0!5.0!0.0!positive!no!no!no!no!yes!no!yes!
S!PASTE_BOTTOM!PACKAGE GEOMETRY!PASTEMASK_BOTTOM!0!0.0!0.0!5.0!0.0!positive!no!no!no!no!yes!no!yes!
S!PASTE_BOTTOM!DRAWING FORMAT!PASTEMASK_BOTTOM!0!0.0!0.0!5.0!0.0!positive!no!no!no!no!yes!no!yes!
S!PASTE_BOTTOM!BOARD GEOMETRY!OUTLINE!0!0.0!0.0!5.0!0.0!positive!no!no!no!no!yes!no!yes!
S!PASTE_BOTTOM!BOARD GEOMETRY!LOGO_M!0!0.0!0.0!5.0!0.0!positive!no!no!no!no!yes!no!yes!
S!PASTE_TOP!PIN!PASTEMASK_TOP!0!0.0!0.0!5.0!0.0!positive!no!no!no!no!yes!no!yes!
S!PASTE_TOP!PACKAGE GEOMETRY!PASTEMASK_TOP!0!0.0!0.0!5.0!0.0!positive!no!no!no!no!yes!no!yes!
S!PASTE_TOP!DRAWING FORMAT!PASTEMASK_TOP!0!0.0!0.0!5.0!0.0!positive!no!no!no!no!yes!no!yes!
S!PASTE_TOP!BOARD GEOMETRY!OUTLINE!0!0.0!0.0!5.0!0.0!positive!no!no!no!no!yes!no!yes!
S!PASTE_TOP!BOARD GEOMETRY!LOGO!0!0.0!0.0!5.0!0.0!positive!no!no!no!no!yes!no!yes!
S!SMASK_BOTTOM!PIN!SOLDERMASK_BOTTOM!0!0.0!0.0!5.0!0.0!positive!no!no!no!no!yes!no!yes!
S!SMASK_BOTTOM!VIA CLASS!SOLDERMASK_BOTTOM!0!0.0!0.0!5.0!0.0!positive!no!no!no!no!yes!no!yes!
S!SMASK_BOTTOM!PACKAGE GEOMETRY!SOLDERMASK_BOTTOM!0!0.0!0.0!5.0!0.0!positive!no!no!no!no!yes!no!yes!
S!SMASK_BOTTOM!DRAWING FORMAT!SOLDERMASK_BOTTOM!0!0.0!0.0!5.0!0.0!positive!no!no!no!no!yes!no!yes!
S!SMASK_BOTTOM!BOARD GEOMETRY!OUTLINE!0!0.0!0.0!5.0!0.0!positive!no!no!no!no!yes!no!yes!
S!SMASK_BOTTOM!BOARD GEOMETRY!SOLDERMASK_BOTTOM!0!0.0!0.0!5.0!0.0!positive!no!no!no!no!yes!no!yes!
S!SMASK_BOTTOM!BOARD GEOMETRY!LOGO_M!0!0.0!0.0!5.0!0.0!positive!no!no!no!no!yes!no!yes!
S!SMASK_TOP!PIN!SOLDERMASK_TOP!0!0.0!0.0!5.0!0.0!positive!no!no!no!no!yes!no!yes!
S!SMASK_TOP!PACKAGE GEOMETRY!SOLDERMASK_TOP!0!0.0!0.0!5.0!0.0!positive!no!no!no!no!yes!no!yes!
S!SMASK_TOP!DRAWING FORMAT!SOLDERMASK_TOP!0!0.0!0.0!5.0!0.0!positive!no!no!no!no!yes!no!yes!
S!SMASK_TOP!BOARD GEOMETRY!OUTLINE!0!0.0!0.0!5.0!0.0!positive!no!no!no!no!yes!no!yes!
S!SMASK_TOP!BOARD GEOMETRY!SOLDERMASK_TOP!0!0.0!0.0!5.0!0.0!positive!no!no!no!no!yes!no!yes!
S!SMASK_TOP!BOARD GEOMETRY!LOGO!0!0.0!0.0!5.0!0.0!positive!no!no!no!no!yes!no!yes!
S!SILK_BOTTOM!REF DES!SILKSCREEN_BOTTOM!0!0.0!0.0!6.0!0.0!positive!no!no!no!no!yes!no!yes!
S!SILK_BOTTOM!PACKAGE GEOMETRY!SILKSCREEN_BOTTOM!0!0.0!0.0!6.0!0.0!positive!no!no!no!no!yes!no!yes!
S!SILK_BOTTOM!DRAWING FORMAT!SILKSCREEN_BOTTOM!0!0.0!0.0!6.0!0.0!positive!no!no!no!no!yes!no!yes!
S!SILK_BOTTOM!BOARD GEOMETRY!OUTLINE!0!0.0!0.0!6.0!0.0!positive!no!no!no!no!yes!no!yes!
S!SILK_BOTTOM!BOARD GEOMETRY!SILKSCREEN_BOTTOM!0!0.0!0.0!6.0!0.0!positive!no!no!no!no!yes!no!yes!
S!SILK_BOTTOM!BOARD GEOMETRY!LOGO_M!0!0.0!0.0!6.0!0.0!positive!no!no!no!no!yes!no!yes!
S!SILK_TOP!REF DES!SILKSCREEN_TOP!0!0.0!0.0!6.0!0.0!positive!no!no!no!no!yes!no!yes!
S!SILK_TOP!PACKAGE GEOMETRY!SILKSCREEN_TOP!0!0.0!0.0!6.0!0.0!positive!no!no!no!no!yes!no!yes!
S!SILK_TOP!DRAWING FORMAT!SILKSCREEN_TOP!0!0.0!0.0!6.0!0.0!positive!no!no!no!no!yes!no!yes!
S!SILK_TOP!BOARD GEOMETRY!OUTLINE!0!0.0!0.0!6.0!0.0!positive!no!no!no!no!yes!no!yes!
S!SILK_TOP!BOARD GEOMETRY!SILKSCREEN_TOP!0!0.0!0.0!6.0!0.0!positive!no!no!no!no!yes!no!yes!
S!SILK_TOP!BOARD GEOMETRY!LOGO!0!0.0!0.0!6.0!0.0!positive!no!no!no!no!yes!no!yes!
S!BOTTOM!ETCH!BOTTOM!0!0.0!0.0!5.0!0.0!positive!no!no!no!no!yes!no!yes!
S!BOTTOM!PIN!BOTTOM!0!0.0!0.0!5.0!0.0!positive!no!no!no!no!yes!no!yes!
S!BOTTOM!VIA CLASS!BOTTOM!0!0.0!0.0!5.0!0.0!positive!no!no!no!no!yes!no!yes!
S!BOTTOM!DRAWING FORMAT!BOTTOM!0!0.0!0.0!5.0!0.0!positive!no!no!no!no!yes!no!yes!
S!BOTTOM!BOARD GEOMETRY!OUTLINE!0!0.0!0.0!5.0!0.0!positive!no!no!no!no!yes!no!yes!
S!BOTTOM!BOARD GEOMETRY!LOGO_M!0!0.0!0.0!5.0!0.0!positive!no!no!no!no!yes!no!yes!
S!L3-POWER!BOARD GEOMETRY!OUTLINE!0!0.0!0.0!5.0!0.0!positive!no!no!yes!no!yes!no!yes!
S!L3-POWER!BOARD GEOMETRY!LOGO!0!0.0!0.0!5.0!0.0!positive!no!no!yes!no!yes!no!yes!
S!L2-GND!BOARD GEOMETRY!OUTLINE!0!0.0!0.0!5.0!0.0!positive!no!no!yes!no!yes!no!yes!
S!L2-GND!BOARD GEOMETRY!LOGO!0!0.0!0.0!5.0!0.0!positive!no!no!yes!no!yes!no!yes!
S!TOP!ETCH!TOP!0!0.0!0.0!5.0!0.0!positive!no!no!no!no!yes!no!yes!
S!TOP!PIN!TOP!0!0.0!0.0!5.0!0.0!positive!no!no!no!no!yes!no!yes!
S!TOP!VIA CLASS!TOP!0!0.0!0.0!5.0!0.0!positive!no!no!no!no!yes!no!yes!
S!TOP!DRAWING FORMAT!TOP!0!0.0!0.0!5.0!0.0!positive!no!no!no!no!yes!no!yes!
S!TOP!BOARD GEOMETRY!OUTLINE!0!0.0!0.0!5.0!0.0!positive!no!no!no!no!yes!no!yes!
S!TOP!BOARD GEOMETRY!LOGO!0!0.0!0.0!5.0!0.0!positive!no!no!no!no!yes!no!yes!
