A!NET_NAME_SORT!NET_NAME!NET_PHYSICAL_TYPE!NET_SPACING_TYPE!ELECTRICAL_CONSTRAINT_SET!NET_DIFFERENTIAL_PAIR!NET_STUB_LENGTH!NET_MAX_VIA_COUNT!NET_MIN_LINE_WIDTH!NET_MAX_PARALLEL!NET_IMPEDANCE_AVERAGE!NO_TEST!
J!F:/PCB_class/Send_to_Students/Exercise1_Cloudshield_600-0129-001/Fabnote+Logo/USB_HUNB3_5Sep18.brd!Wed Oct 17 22:01:52 2018!-21969.2!-30061.9!28030.8!19938.1!0.1!mils!TNSP_USBHUB3!63.300000 mil!4!UP TO DATE!
S!VDDOUT_2V 00000005!VDDOUT_2V5!POWER_N!POWER_N!!!!!!!155.91 ohms!!
S!AVSS_GND!AVSS_GND!SENSETIVE ANALOG SIGNALS!SENSETIVE ANALOG SIGNALS!!!!!!!0.00 ohms!!
S!AVDD_2V 00000005!AVDD_2V5!SENSETIVE ANALOG SIGNALS!SENSETIVE ANALOG SIGNALS!!!!!!!0.00 ohms!!
S!SYSRST_L!SYSRST_L!50_OHM!50_OHM!!!!!!!0.00 ohms!!
S!GND!GND!GND!GND!!!!!!!155.91 ohms!!
S!VFIL1_5V 00000000!VFIL1_5V0!POWER_N!POWER_N!!!!!!!0.00 ohms!!
S!VFIL2_5V 00000000!VFIL2_5V0!POWER_N!POWER_N!!!!!!!0.00 ohms!!
S!VFIL3_5V 00000000!VFIL3_5V0!POWER_N!POWER_N!!!!!!!0.00 ohms!!
S!USB_D4_P!USB_D4_P!!!!USB_D4!!!!!0.00 ohms!!
S!USB_D4_N!USB_D4_N!!!!USB_D4!!!!!0.00 ohms!!
S!USB_D3_P!USB_D3_P!!!!USB_D3!!!!!183.64 ohms!!
S!USB_D2_N!USB_D2_N!!!!USB_D2!!!!!183.64 ohms!!
S!USB_D2_P!USB_D2_P!!!!USB_D2!!!!!183.64 ohms!!
S!USB_D1_P!USB_D1_P!!!!USB_D1!!!!!183.64 ohms!!
S!USB_D1_N!USB_D1_N!!!!USB_D1!!!!!183.64 ohms!!
S!USB_D3_N!USB_D3_N!!!!USB_D3!!!!!183.64 ohms!!
S!VDD_3V 00000003!VDD_3V3!POWER_N!POWER_N!!!!!!!0.00 ohms!!
S!USB_UP_P!USB_UP_P!!!!USB_UP!!!!!0.00 ohms!!
S!USB_UP_N!USB_UP_N!!!!USB_UP!!!!!0.00 ohms!!
S!VPORT3_5V 00000000!VPORT3_5V0!POWER_N!POWER_N!!!!!!!0.00 ohms!!
S!VPORT1_5V 00000000!VPORT1_5V0!POWER_N!POWER_N!!!!!!!0.00 ohms!!
S!VPORT2_5V 00000000!VPORT2_5V0!POWER_N!POWER_N!!!!!!!0.00 ohms!!
S!LDO_SS!LDO_SS!50_OHM!50_OHM!!!!!!!0.00 ohms!!
S!LDO_PG!LDO_PG!50_OHM!50_OHM!!!!!!!0.00 ohms!!
S!VPORT_5V 00000000!VPORT_5V0!POWER_N!POWER_N!!!!!!!0.00 ohms!!
S!LDO_FB!LDO_FB!50_OHM!50_OHM!!!!!!!0.00 ohms!!
S!BUS_B!BUS_B!50_OHM!50_OHM!!!!!!!0.00 ohms!!
S!LED_GREEN!LED_GREEN!50_OHM!50_OHM!!!!!!!0.00 ohms!!
S!LED_AMBER!LED_AMBER!50_OHM!50_OHM!!!!!!!0.00 ohms!!
S!LED2_R!LED2_R!50_OHM!50_OHM!!!!!!!0.00 ohms!!
S!LED3_R!LED3_R!50_OHM!50_OHM!!!!!!!0.00 ohms!!
S!LED 00000001!LED1!50_OHM!50_OHM!!!!!!!0.00 ohms!!
S!LED 00000002!LED2!50_OHM!50_OHM!!!!!!!0.00 ohms!!
S!LED 00000003!LED3!50_OHM!50_OHM!!!!!!!0.00 ohms!!
S!VBUS_5V 00000000!VBUS_5V0!POWER_N!POWER_N!!!!!!!0.00 ohms!!
S!LED1_R!LED1_R!50_OHM!50_OHM!!!!!!!0.00 ohms!!
S!XTAL2_R!XTAL2_R!SENSETIVE ANALOG SIGNALS!SENSETIVE ANALOG SIGNALS!!!!!!!0.00 ohms!!
S!XTAL 00000002!XTAL2!SENSETIVE ANALOG SIGNALS!SENSETIVE ANALOG SIGNALS!!!!!!!0.00 ohms!!
S!XTAL 00000001!XTAL1!SENSETIVE ANALOG SIGNALS!SENSETIVE ANALOG SIGNALS!!!!!!!0.00 ohms!!
S!RREF!RREF!SENSETIVE ANALOG SIGNALS!SENSETIVE ANALOG SIGNALS!!!!!!!0.00 ohms!!
S!CHASSIS_GND!CHASSIS_GND!50_OHM!50_OHM!!!!!!!0.00 ohms!!
S!VBUS_MON!VBUS_MON!POWER_N!POWER_N!!!!!!!0.00 ohms!!
S!USB4_EN_L!USB4_EN_L!50_OHM!50_OHM!!!!!!!0.00 ohms!!
S!USB3_CS_L!USB3_CS_L!50_OHM!50_OHM!!!!!!!0.00 ohms!!
S!USB1_CS_L!USB1_CS_L!50_OHM!50_OHM!!!!!!!0.00 ohms!!
S!USB2_EN_L!USB2_EN_L!50_OHM!50_OHM!!!!!!!0.00 ohms!!
S!USB3_EN_L!USB3_EN_L!50_OHM!50_OHM!!!!!!!0.00 ohms!!
S!USB4_CS_L!USB4_CS_L!50_OHM!50_OHM!!!!!!!0.00 ohms!!
S!USB2_CS_L!USB2_CS_L!50_OHM!50_OHM!!!!!!!0.00 ohms!!
S!USB1_EN_L!USB1_EN_L!50_OHM!50_OHM!!!!!!!0.00 ohms!!
