A!PAD_NAME!REC_NUMBER!LAYER!FIXFLAG!VIAFLAG!PADSHAPE1!PADWIDTH!PADHGHT!PADXOFF!PADYOFF!PADFLASH!PADSHAPENAME!TRELSHAPE1!TRELWIDTH!TRELHGHT!TRELXOFF!TRELYOFF!TRELFLASH!TRELSHAPENAME!APADSHAPE1!APADWIDTH!APADHGHT!APADXOFF!APADYOFF!APADFLASH!APADSHAPENAME!
J!F:/PCB_class/Send_to_Students/Exercise1_Cloudshield_600-0129-001/Fabnote+Logo/USB_HUNB3_5Sep18.brd!Wed Oct 17 22:01:52 2018!-21969.2!-30061.9!28030.8!19938.1!0.1!mils!TNSP_USBHUB3!63.300000 mil!4!UP TO DATE!
S!VIA_D012024!00001!TOP!o!!CIRCLE!24.0!24.0!0.0!0.0!!!CIRCLE!39.0!39.0!0.0!0.0!!!CIRCLE!39.0!39.0!0.0!0.0!!!
S!VIA_D012024!00002!internal_pad_def!o!!CIRCLE!24.0!24.0!0.0!0.0!!!FLASH!196.8!196.8!0.0!0.0!TR_D005!TR_D005!CIRCLE!39.0!39.0!0.0!0.0!!!
S!VIA_D012024!00003!POWER_1!o!!CIRCLE!24.0!24.0!0.0!0.0!!!FLASH!196.8!196.8!0.0!0.0!TR_D005!!CIRCLE!39.0!39.0!0.0!0.0!!!
S!VIA_D012024!00004!POWER_2!o!!CIRCLE!24.0!24.0!0.0!0.0!!!FLASH!196.8!196.8!0.0!0.0!TR_D005!!CIRCLE!39.0!39.0!0.0!0.0!!!
S!VIA_D012024!00005!BOTTOM!o!!CIRCLE!24.0!24.0!0.0!0.0!!!CIRCLE!39.0!39.0!0.0!0.0!!!CIRCLE!39.0!39.0!0.0!0.0!!!
S!VIA_D012024!00006!~TSM!o!!CIRCLE!20.0!20.0!0.0!0.0!!!!!!!!!!!!!!!!!
S!VIA_D012024!00007!~BSM!o!!CIRCLE!20.0!20.0!0.0!0.0!!!!!!!!!!!!!!!!!
S!VIA_D012024!00008!~TPM!o!!!0.0!0.0!0.0!0.0!!!!!!!!!!!!!!!!!
S!VIA_D012024!00009!~BPM!o!!!0.0!0.0!0.0!0.0!!!!!!!!!!!!!!!!!
S!VIA_D012024!00010!~TFM!o!!!0.0!0.0!0.0!0.0!!!!!!!!!!!!!!!!!
S!VIA_D012024!00011!~BFM!o!!!0.0!0.0!0.0!0.0!!!!!!!!!!!!!!!!!
S!VIA_D012024!00012!~DRILL!o!!12.0!50.0!50.0!0.0!0.0!CIRCLE!P!via!n!!!!!!CIRCLE_DRILL!CIRCLE_DRILL!0.0!0.0!!!!
S!027X1SM!00001!TOP!o!v!RECTANGLE!39.4!10.6!0.0!0.0!!!RECTANGLE!51.2!22.4!0.0!0.0!!!RECTANGLE!51.2!0.0!0.0!0.0!!!
S!027X1SM!00002!internal_pad_def!o!v!!0.0!0.0!0.0!0.0!!!!0.0!0.0!0.0!0.0!!!!0.0!0.0!0.0!0.0!!!
S!027X1SM!00003!POWER_1!o!v!!0.0!0.0!0.0!0.0!!!!0.0!0.0!0.0!0.0!!!!0.0!0.0!0.0!0.0!!!
S!027X1SM!00004!POWER_2!o!v!!0.0!0.0!0.0!0.0!!!!0.0!0.0!0.0!0.0!!!!0.0!0.0!0.0!0.0!!!
S!027X1SM!00005!BOTTOM!o!v!!0.0!0.0!0.0!0.0!!!!0.0!0.0!0.0!0.0!!!!0.0!0.0!0.0!0.0!!!
S!027X1SM!00006!~TSM!o!v!RECTANGLE!45.3!16.5!0.0!0.0!!!!!!!!!!!!!!!!!
S!027X1SM!00007!~BSM!o!v!!0.0!0.0!0.0!0.0!!!!!!!!!!!!!!!!!
S!027X1SM!00008!~TPM!o!v!RECTANGLE!45.3!16.5!0.0!0.0!!!!!!!!!!!!!!!!!
S!027X1SM!00009!~BPM!o!v!!0.0!0.0!0.0!0.0!!!!!!!!!!!!!!!!!
S!027X1SM!00010!~TFM!o!v!!0.0!0.0!0.0!0.0!!!!!!!!!!!!!!!!!
S!027X1SM!00011!~BFM!o!v!!0.0!0.0!0.0!0.0!!!!!!!!!!!!!!!!!
S!027X1SM!00012!~DRILL!o!v!0.0!0.0!0.0!0.0!0.0!!P!!n!!!!!!CIRCLE_DRILL!CIRCLE_DRILL!0.0!0.0!!!!
S!MH_129X220_PTH!00001!TOP!o!!CIRCLE!220.0!220.0!0.0!0.0!!!CIRCLE!260.0!260.0!0.0!0.0!!!CIRCLE!260.0!260.0!0.0!0.0!!!
S!MH_129X220_PTH!00002!internal_pad_def!o!!CIRCLE!220.0!220.0!0.0!0.0!!!FLASH!260.0!260.0!0.0!0.0!TR_220_260_20_4_45!TR_220_260_20_4_45!CIRCLE!260.0!260.0!0.0!0.0!!!
S!MH_129X220_PTH!00003!POWER_1!o!!CIRCLE!220.0!220.0!0.0!0.0!!!FLASH!260.0!260.0!0.0!0.0!TR_220_260_20_4_45!!CIRCLE!260.0!260.0!0.0!0.0!!!
S!MH_129X220_PTH!00004!POWER_2!o!!CIRCLE!220.0!220.0!0.0!0.0!!!FLASH!260.0!260.0!0.0!0.0!TR_220_260_20_4_45!!CIRCLE!260.0!260.0!0.0!0.0!!!
S!MH_129X220_PTH!00005!BOTTOM!o!!CIRCLE!220.0!220.0!0.0!0.0!!!CIRCLE!260.0!260.0!0.0!0.0!!!CIRCLE!260.0!260.0!0.0!0.0!!!
S!MH_129X220_PTH!00006!~TSM!o!!CIRCLE!226.0!226.0!0.0!0.0!!!!!!!!!!!!!!!!!
S!MH_129X220_PTH!00007!~BSM!o!!CIRCLE!226.0!226.0!0.0!0.0!!!!!!!!!!!!!!!!!
S!MH_129X220_PTH!00008!~TPM!o!!!0.0!0.0!0.0!0.0!!!!!!!!!!!!!!!!!
S!MH_129X220_PTH!00009!~BPM!o!!!0.0!0.0!0.0!0.0!!!!!!!!!!!!!!!!!
S!MH_129X220_PTH!00010!~TFM!o!!!0.0!0.0!0.0!0.0!!!!!!!!!!!!!!!!!
S!MH_129X220_PTH!00011!~BFM!o!!!0.0!0.0!0.0!0.0!!!!!!!!!!!!!!!!!
S!MH_129X220_PTH!00012!~DRILL!o!!129.0!50.0!50.0!0.0!0.0!CIRCLE!P!MT!n!!!!!!CIRCLE_DRILL!CIRCLE_DRILL!0.0!0.0!!!!
S!NP1_35C!00001!TOP!o!!CIRCLE!72.8!72.8!0.0!0.0!!!CIRCLE!84.6!84.6!0.0!0.0!!!CIRCLE!84.6!84.6!0.0!0.0!!!
S!NP1_35C!00002!internal_pad_def!o!!CIRCLE!72.8!72.8!0.0!0.0!!!CIRCLE!84.6!84.6!0.0!0.0!!!CIRCLE!84.6!84.6!0.0!0.0!!!
S!NP1_35C!00003!POWER_1!o!!CIRCLE!72.8!72.8!0.0!0.0!!!CIRCLE!84.6!84.6!0.0!0.0!!!CIRCLE!84.6!84.6!0.0!0.0!!!
S!NP1_35C!00004!POWER_2!o!!CIRCLE!72.8!72.8!0.0!0.0!!!CIRCLE!84.6!84.6!0.0!0.0!!!CIRCLE!84.6!84.6!0.0!0.0!!!
S!NP1_35C!00005!BOTTOM!o!!CIRCLE!72.8!72.8!0.0!0.0!!!CIRCLE!84.6!84.6!0.0!0.0!!!CIRCLE!84.6!84.6!0.0!0.0!!!
S!NP1_35C!00006!~TSM!o!!CIRCLE!78.7!78.7!0.0!0.0!!!!!!!!!!!!!!!!!
S!NP1_35C!00007!~BSM!o!!CIRCLE!78.7!78.7!0.0!0.0!!!!!!!!!!!!!!!!!
S!NP1_35C!00008!~TPM!o!!!0.0!0.0!0.0!0.0!!!!!!!!!!!!!!!!!
S!NP1_35C!00009!~BPM!o!!!0.0!0.0!0.0!0.0!!!!!!!!!!!!!!!!!
S!NP1_35C!00010!~TFM!o!!!0.0!0.0!0.0!0.0!!!!!!!!!!!!!!!!!
S!NP1_35C!00011!~BFM!o!!!0.0!0.0!0.0!0.0!!!!!!!!!!!!!!!!!
S!NP1_35C!00012!~DRILL!o!!53.1!53.1!53.1!0.0!0.0!CROSS!P!NP!n!!!!!!CIRCLE_DRILL!CIRCLE_DRILL!0.0!0.0!!!!
S!D092C!00001!TOP!o!!CIRCLE!55.9!55.9!0.0!0.0!!!CIRCLE!67.7!67.7!0.0!0.0!!!CIRCLE!67.7!67.7!0.0!0.0!!!
S!D092C!00002!internal_pad_def!o!!CIRCLE!55.9!55.9!0.0!0.0!!!CIRCLE!67.7!67.7!0.0!0.0!!!CIRCLE!67.7!67.7!0.0!0.0!!!
S!D092C!00003!POWER_1!o!!CIRCLE!55.9!55.9!0.0!0.0!!!CIRCLE!67.7!67.7!0.0!0.0!!!CIRCLE!67.7!67.7!0.0!0.0!!!
S!D092C!00004!POWER_2!o!!CIRCLE!55.9!55.9!0.0!0.0!!!CIRCLE!67.7!67.7!0.0!0.0!!!CIRCLE!67.7!67.7!0.0!0.0!!!
S!D092C!00005!BOTTOM!o!!CIRCLE!55.9!55.9!0.0!0.0!!!CIRCLE!67.7!67.7!0.0!0.0!!!CIRCLE!67.7!67.7!0.0!0.0!!!
S!D092C!00006!~TSM!o!!CIRCLE!61.8!61.8!0.0!0.0!!!!!!!!!!!!!!!!!
S!D092C!00007!~BSM!o!!CIRCLE!61.8!61.8!0.0!0.0!!!!!!!!!!!!!!!!!
S!D092C!00008!~TPM!o!!!0.0!0.0!0.0!0.0!!!!!!!!!!!!!!!!!
S!D092C!00009!~BPM!o!!!0.0!0.0!0.0!0.0!!!!!!!!!!!!!!!!!
S!D092C!00010!~TFM!o!!!0.0!0.0!0.0!0.0!!!!!!!!!!!!!!!!!
S!D092C!00011!~BFM!o!!!0.0!0.0!0.0!0.0!!!!!!!!!!!!!!!!!
S!D092C!00012!~DRILL!o!!36.2!36.2!36.2!0.0!0.0!CROSS!P!M!n!!!!!!CIRCLE_DRILL!CIRCLE_DRILL!0.0!0.0!!!!
S!D092S!00001!TOP!o!!SQUARE!55.9!55.9!0.0!0.0!!!CIRCLE!67.7!67.7!0.0!0.0!!!SQUARE!67.7!67.7!0.0!0.0!!!
S!D092S!00002!internal_pad_def!o!!SQUARE!55.9!55.9!0.0!0.0!!!CIRCLE!67.7!67.7!0.0!0.0!!!SQUARE!67.7!67.7!0.0!0.0!!!
S!D092S!00003!POWER_1!o!!SQUARE!55.9!55.9!0.0!0.0!!!CIRCLE!67.7!67.7!0.0!0.0!!!SQUARE!67.7!67.7!0.0!0.0!!!
S!D092S!00004!POWER_2!o!!SQUARE!55.9!55.9!0.0!0.0!!!CIRCLE!67.7!67.7!0.0!0.0!!!SQUARE!67.7!67.7!0.0!0.0!!!
S!D092S!00005!BOTTOM!o!!SQUARE!55.9!55.9!0.0!0.0!!!CIRCLE!67.7!67.7!0.0!0.0!!!SQUARE!67.7!67.7!0.0!0.0!!!
S!D092S!00006!~TSM!o!!SQUARE!61.8!61.8!0.0!0.0!!!!!!!!!!!!!!!!!
S!D092S!00007!~BSM!o!!SQUARE!61.8!61.8!0.0!0.0!!!!!!!!!!!!!!!!!
S!D092S!00008!~TPM!o!!!0.0!0.0!0.0!0.0!!!!!!!!!!!!!!!!!
S!D092S!00009!~BPM!o!!!0.0!0.0!0.0!0.0!!!!!!!!!!!!!!!!!
S!D092S!00010!~TFM!o!!!0.0!0.0!0.0!0.0!!!!!!!!!!!!!!!!!
S!D092S!00011!~BFM!o!!!0.0!0.0!0.0!0.0!!!!!!!!!!!!!!!!!
S!D092S!00012!~DRILL!o!!36.2!36.2!36.2!0.0!0.0!CROSS!P!M!n!!!!!!CIRCLE_DRILL!CIRCLE_DRILL!0.0!0.0!!!!
S!D091C121!00001!TOP!o!!CIRCLE!121.0!121.0!0.0!0.0!!!CIRCLE!136.0!136.0!0.0!0.0!!!CIRCLE!136.0!136.0!0.0!0.0!!!
S!D091C121!00002!internal_pad_def!o!!CIRCLE!121.0!121.0!0.0!0.0!!!CIRCLE!136.0!136.0!0.0!0.0!!!CIRCLE!136.0!136.0!0.0!0.0!!!
S!D091C121!00003!POWER_1!o!!CIRCLE!121.0!121.0!0.0!0.0!!!CIRCLE!136.0!136.0!0.0!0.0!!!CIRCLE!136.0!136.0!0.0!0.0!!!
S!D091C121!00004!POWER_2!o!!CIRCLE!121.0!121.0!0.0!0.0!!!CIRCLE!136.0!136.0!0.0!0.0!!!CIRCLE!136.0!136.0!0.0!0.0!!!
S!D091C121!00005!BOTTOM!o!!CIRCLE!121.0!121.0!0.0!0.0!!!CIRCLE!136.0!136.0!0.0!0.0!!!CIRCLE!136.0!136.0!0.0!0.0!!!
S!D091C121!00006!~TSM!o!!CIRCLE!126.0!126.0!0.0!0.0!!!!!!!!!!!!!!!!!
S!D091C121!00007!~BSM!o!!CIRCLE!126.0!126.0!0.0!0.0!!!!!!!!!!!!!!!!!
S!D091C121!00008!~TPM!o!!!0.0!0.0!0.0!0.0!!!!!!!!!!!!!!!!!
S!D091C121!00009!~BPM!o!!!0.0!0.0!0.0!0.0!!!!!!!!!!!!!!!!!
S!D091C121!00010!~TFM!o!!!0.0!0.0!0.0!0.0!!!!!!!!!!!!!!!!!
S!D091C121!00011!~BFM!o!!!0.0!0.0!0.0!0.0!!!!!!!!!!!!!!!!!
S!D091C121!00012!~DRILL!o!!91.0!73.0!73.0!0.0!0.0!SQUARE!P!m!n!!!!!!CIRCLE_DRILL!CIRCLE_DRILL!3.0!3.0!!!!
S!D037C057!00001!TOP!o!!CIRCLE!57.0!57.0!0.0!0.0!!!CIRCLE!72.0!72.0!0.0!0.0!!!CIRCLE!72.0!72.0!0.0!0.0!!!
S!D037C057!00002!internal_pad_def!o!!CIRCLE!57.0!57.0!0.0!0.0!!!CIRCLE!72.0!72.0!0.0!0.0!!!CIRCLE!72.0!72.0!0.0!0.0!!!
S!D037C057!00003!POWER_1!o!!CIRCLE!57.0!57.0!0.0!0.0!!!CIRCLE!72.0!72.0!0.0!0.0!!!CIRCLE!72.0!72.0!0.0!0.0!!!
S!D037C057!00004!POWER_2!o!!CIRCLE!57.0!57.0!0.0!0.0!!!CIRCLE!72.0!72.0!0.0!0.0!!!CIRCLE!72.0!72.0!0.0!0.0!!!
S!D037C057!00005!BOTTOM!o!!CIRCLE!57.0!57.0!0.0!0.0!!!CIRCLE!72.0!72.0!0.0!0.0!!!CIRCLE!72.0!72.0!0.0!0.0!!!
S!D037C057!00006!~TSM!o!!CIRCLE!62.0!62.0!0.0!0.0!!!!!!!!!!!!!!!!!
S!D037C057!00007!~BSM!o!!CIRCLE!62.0!62.0!0.0!0.0!!!!!!!!!!!!!!!!!
S!D037C057!00008!~TPM!o!!!0.0!0.0!0.0!0.0!!!!!!!!!!!!!!!!!
S!D037C057!00009!~BPM!o!!!0.0!0.0!0.0!0.0!!!!!!!!!!!!!!!!!
S!D037C057!00010!~TFM!o!!!0.0!0.0!0.0!0.0!!!!!!!!!!!!!!!!!
S!D037C057!00011!~BFM!o!!!0.0!0.0!0.0!0.0!!!!!!!!!!!!!!!!!
S!D037C057!00012!~DRILL!o!!37.0!50.0!50.0!0.0!0.0!CIRCLE!P!k!n!!!!!!CIRCLE_DRILL!CIRCLE_DRILL!0.0!0.0!!!!
S!048X063SM!00001!TOP!o!v!RECTANGLE!48.0!63.0!0.0!0.0!!!RECTANGLE!63.0!78.0!0.0!0.0!!!RECTANGLE!63.0!78.0!0.0!0.0!!!
S!048X063SM!00002!internal_pad_def!o!v!!0.0!0.0!0.0!0.0!!!!0.0!0.0!0.0!0.0!!!!0.0!0.0!0.0!0.0!!!
S!048X063SM!00003!POWER_1!o!v!!0.0!0.0!0.0!0.0!!!!0.0!0.0!0.0!0.0!!!!0.0!0.0!0.0!0.0!!!
S!048X063SM!00004!POWER_2!o!v!!0.0!0.0!0.0!0.0!!!!0.0!0.0!0.0!0.0!!!!0.0!0.0!0.0!0.0!!!
S!048X063SM!00005!BOTTOM!o!v!!0.0!0.0!0.0!0.0!!!!0.0!0.0!0.0!0.0!!!!0.0!0.0!0.0!0.0!!!
S!048X063SM!00006!~TSM!o!v!RECTANGLE!53.0!68.0!0.0!0.0!!!!!!!!!!!!!!!!!
S!048X063SM!00007!~BSM!o!v!!0.0!0.0!0.0!0.0!!!!!!!!!!!!!!!!!
S!048X063SM!00008!~TPM!o!v!RECTANGLE!48.0!63.0!0.0!0.0!!!!!!!!!!!!!!!!!
S!048X063SM!00009!~BPM!o!v!!0.0!0.0!0.0!0.0!!!!!!!!!!!!!!!!!
S!048X063SM!00010!~TFM!o!v!!0.0!0.0!0.0!0.0!!!!!!!!!!!!!!!!!
S!048X063SM!00011!~BFM!o!v!!0.0!0.0!0.0!0.0!!!!!!!!!!!!!!!!!
S!048X063SM!00012!~DRILL!o!v!0.0!0.0!0.0!0.0!0.0!!P!!n!!!!!!CIRCLE_DRILL!CIRCLE_DRILL!0.0!0.0!!!!
S!028X085SM_11!00001!TOP!o!v!SHAPE!149.6!65.0!0.0!0.0!!SH_TNSP_11!!0.0!0.0!0.0!0.0!!!!0.0!0.0!0.0!0.0!!!
S!028X085SM_11!00002!internal_pad_def!o!v!!0.0!0.0!0.0!0.0!!!!0.0!0.0!0.0!0.0!!!!0.0!0.0!0.0!0.0!!!
S!028X085SM_11!00003!POWER_1!o!v!!0.0!0.0!0.0!0.0!!!!0.0!0.0!0.0!0.0!!!!0.0!0.0!0.0!0.0!!!
S!028X085SM_11!00004!POWER_2!o!v!!0.0!0.0!0.0!0.0!!!!0.0!0.0!0.0!0.0!!!!0.0!0.0!0.0!0.0!!!
S!028X085SM_11!00005!BOTTOM!o!v!!0.0!0.0!0.0!0.0!!!!0.0!0.0!0.0!0.0!!!!0.0!0.0!0.0!0.0!!!
S!028X085SM_11!00006!~TSM!o!v!SHAPE!149.6!65.0!0.0!0.0!!SH_TNSP_11!!!!!!!!!!!!!!!
S!028X085SM_11!00007!~BSM!o!v!!0.0!0.0!0.0!0.0!!!!!!!!!!!!!!!!!
S!028X085SM_11!00008!~TPM!o!v!SHAPE!149.6!65.0!0.0!0.0!!SH_TNSP_11!!!!!!!!!!!!!!!
S!028X085SM_11!00009!~BPM!o!v!!0.0!0.0!0.0!0.0!!!!!!!!!!!!!!!!!
S!028X085SM_11!00010!~TFM!o!v!!0.0!0.0!0.0!0.0!!!!!!!!!!!!!!!!!
S!028X085SM_11!00011!~BFM!o!v!!0.0!0.0!0.0!0.0!!!!!!!!!!!!!!!!!
S!028X085SM_11!00012!~DRILL!o!v!0.0!0.0!0.0!0.0!0.0!!P!!n!!!!!!CIRCLE_DRILL!CIRCLE_DRILL!0.0!0.0!!!!
S!028X085SM!00001!TOP!o!v!SHAPE!11.0!33.4!0.0!0.0!!SH_028X085SM!!0.0!0.0!0.0!0.0!!!!0.0!0.0!0.0!0.0!!!
S!028X085SM!00002!internal_pad_def!o!v!!0.0!0.0!0.0!0.0!!!!0.0!0.0!0.0!0.0!!!!0.0!0.0!0.0!0.0!!!
S!028X085SM!00003!POWER_1!o!v!!0.0!0.0!0.0!0.0!!!!0.0!0.0!0.0!0.0!!!!0.0!0.0!0.0!0.0!!!
S!028X085SM!00004!POWER_2!o!v!!0.0!0.0!0.0!0.0!!!!0.0!0.0!0.0!0.0!!!!0.0!0.0!0.0!0.0!!!
S!028X085SM!00005!BOTTOM!o!v!!0.0!0.0!0.0!0.0!!!!0.0!0.0!0.0!0.0!!!!0.0!0.0!0.0!0.0!!!
S!028X085SM!00006!~TSM!o!v!SHAPE!16.6!39.0!0.0!0.0!!SH_SODER_028X085SM!!!!!!!!!!!!!!!
S!028X085SM!00007!~BSM!o!v!!0.0!0.0!0.0!0.0!!!!!!!!!!!!!!!!!
S!028X085SM!00008!~TPM!o!v!SHAPE!11.0!33.4!0.0!0.0!!SH_028X085SM!!!!!!!!!!!!!!!
S!028X085SM!00009!~BPM!o!v!!0.0!0.0!0.0!0.0!!!!!!!!!!!!!!!!!
S!028X085SM!00010!~TFM!o!v!!0.0!0.0!0.0!0.0!!!!!!!!!!!!!!!!!
S!028X085SM!00011!~BFM!o!v!!0.0!0.0!0.0!0.0!!!!!!!!!!!!!!!!!
S!028X085SM!00012!~DRILL!o!v!0.0!0.0!0.0!0.0!0.0!!P!!n!!!!!!CIRCLE_DRILL!CIRCLE_DRILL!0.0!0.0!!!!
S!061X024SM!00001!TOP!o!v!RECTANGLE!61.0!24.0!0.0!0.0!!!!0.0!0.0!0.0!0.0!!!!0.0!0.0!0.0!0.0!!!
S!061X024SM!00002!internal_pad_def!o!v!!0.0!0.0!0.0!0.0!!!!0.0!0.0!0.0!0.0!!!!0.0!0.0!0.0!0.0!!!
S!061X024SM!00003!POWER_1!o!v!!0.0!0.0!0.0!0.0!!!!0.0!0.0!0.0!0.0!!!!0.0!0.0!0.0!0.0!!!
S!061X024SM!00004!POWER_2!o!v!!0.0!0.0!0.0!0.0!!!!0.0!0.0!0.0!0.0!!!!0.0!0.0!0.0!0.0!!!
S!061X024SM!00005!BOTTOM!o!v!!0.0!0.0!0.0!0.0!!!!0.0!0.0!0.0!0.0!!!!0.0!0.0!0.0!0.0!!!
S!061X024SM!00006!~TSM!o!v!RECTANGLE!67.0!30.0!0.0!0.0!!!!!!!!!!!!!!!!!
S!061X024SM!00007!~BSM!o!v!!0.0!0.0!0.0!0.0!!!!!!!!!!!!!!!!!
S!061X024SM!00008!~TPM!o!v!RECTANGLE!61.0!24.0!0.0!0.0!!!!!!!!!!!!!!!!!
S!061X024SM!00009!~BPM!o!v!!0.0!0.0!0.0!0.0!!!!!!!!!!!!!!!!!
S!061X024SM!00010!~TFM!o!v!!0.0!0.0!0.0!0.0!!!!!!!!!!!!!!!!!
S!061X024SM!00011!~BFM!o!v!!0.0!0.0!0.0!0.0!!!!!!!!!!!!!!!!!
S!061X024SM!00012!~DRILL!o!v!0.0!0.0!0.0!0.0!0.0!!P!!n!!!!!!CIRCLE_DRILL!CIRCLE_DRILL!0.0!0.0!!!!
S!030X032SM!00001!TOP!o!v!RECTANGLE!30.0!32.0!0.0!0.0!!!RECTANGLE!45.0!47.0!0.0!0.0!!!RECTANGLE!45.0!47.0!0.0!0.0!!!
S!030X032SM!00002!internal_pad_def!o!v!!0.0!0.0!0.0!0.0!!!!0.0!0.0!0.0!0.0!!!!0.0!0.0!0.0!0.0!!!
S!030X032SM!00003!POWER_1!o!v!!0.0!0.0!0.0!0.0!!!!0.0!0.0!0.0!0.0!!!!0.0!0.0!0.0!0.0!!!
S!030X032SM!00004!POWER_2!o!v!!0.0!0.0!0.0!0.0!!!!0.0!0.0!0.0!0.0!!!!0.0!0.0!0.0!0.0!!!
S!030X032SM!00005!BOTTOM!o!v!!0.0!0.0!0.0!0.0!!!!0.0!0.0!0.0!0.0!!!!0.0!0.0!0.0!0.0!!!
S!030X032SM!00006!~TSM!o!v!RECTANGLE!35.0!37.0!0.0!0.0!!!!!!!!!!!!!!!!!
S!030X032SM!00007!~BSM!o!v!!0.0!0.0!0.0!0.0!!!!!!!!!!!!!!!!!
S!030X032SM!00008!~TPM!o!v!RECTANGLE!30.0!32.0!0.0!0.0!!!!!!!!!!!!!!!!!
S!030X032SM!00009!~BPM!o!v!!0.0!0.0!0.0!0.0!!!!!!!!!!!!!!!!!
S!030X032SM!00010!~TFM!o!v!!0.0!0.0!0.0!0.0!!!!!!!!!!!!!!!!!
S!030X032SM!00011!~BFM!o!v!!0.0!0.0!0.0!0.0!!!!!!!!!!!!!!!!!
S!030X032SM!00012!~DRILL!o!v!0.0!0.0!0.0!0.0!0.0!!P!!n!!!!!!CIRCLE_DRILL!CIRCLE_DRILL!0.0!0.0!!!!
S!077X124SM!00001!TOP!o!v!RECTANGLE!77.0!124.0!0.0!0.0!!!RECTANGLE!92.0!139.0!0.0!0.0!!!RECTANGLE!92.0!139.0!0.0!0.0!!!
S!077X124SM!00002!internal_pad_def!o!v!!0.0!0.0!0.0!0.0!!!!0.0!0.0!0.0!0.0!!!!0.0!0.0!0.0!0.0!!!
S!077X124SM!00003!POWER_1!o!v!!0.0!0.0!0.0!0.0!!!!0.0!0.0!0.0!0.0!!!!0.0!0.0!0.0!0.0!!!
S!077X124SM!00004!POWER_2!o!v!!0.0!0.0!0.0!0.0!!!!0.0!0.0!0.0!0.0!!!!0.0!0.0!0.0!0.0!!!
S!077X124SM!00005!BOTTOM!o!v!!0.0!0.0!0.0!0.0!!!!0.0!0.0!0.0!0.0!!!!0.0!0.0!0.0!0.0!!!
S!077X124SM!00006!~TSM!o!v!RECTANGLE!82.0!129.0!0.0!0.0!!!!!!!!!!!!!!!!!
S!077X124SM!00007!~BSM!o!v!!0.0!0.0!0.0!0.0!!!!!!!!!!!!!!!!!
S!077X124SM!00008!~TPM!o!v!RECTANGLE!77.0!124.0!0.0!0.0!!!!!!!!!!!!!!!!!
S!077X124SM!00009!~BPM!o!v!!0.0!0.0!0.0!0.0!!!!!!!!!!!!!!!!!
S!077X124SM!00010!~TFM!o!v!!0.0!0.0!0.0!0.0!!!!!!!!!!!!!!!!!
S!077X124SM!00011!~BFM!o!v!!0.0!0.0!0.0!0.0!!!!!!!!!!!!!!!!!
S!077X124SM!00012!~DRILL!o!v!0.0!0.0!0.0!0.0!0.0!!P!!n!!!!!!CIRCLE_DRILL!CIRCLE_DRILL!0.0!0.0!!!!
S!032X032SM!00001!TOP!o!v!RECTANGLE!32.0!32.0!0.0!0.0!!!RECTANGLE!47.0!47.0!0.0!0.0!!!RECTANGLE!47.0!47.0!0.0!0.0!!!
S!032X032SM!00002!internal_pad_def!o!v!!0.0!0.0!0.0!0.0!!!!0.0!0.0!0.0!0.0!!!!0.0!0.0!0.0!0.0!!!
S!032X032SM!00003!POWER_1!o!v!!0.0!0.0!0.0!0.0!!!!0.0!0.0!0.0!0.0!!!!0.0!0.0!0.0!0.0!!!
S!032X032SM!00004!POWER_2!o!v!!0.0!0.0!0.0!0.0!!!!0.0!0.0!0.0!0.0!!!!0.0!0.0!0.0!0.0!!!
S!032X032SM!00005!BOTTOM!o!v!!0.0!0.0!0.0!0.0!!!!0.0!0.0!0.0!0.0!!!!0.0!0.0!0.0!0.0!!!
S!032X032SM!00006!~TSM!o!v!RECTANGLE!37.0!37.0!0.0!0.0!!!!!!!!!!!!!!!!!
S!032X032SM!00007!~BSM!o!v!!0.0!0.0!0.0!0.0!!!!!!!!!!!!!!!!!
S!032X032SM!00008!~TPM!o!v!RECTANGLE!32.0!32.0!0.0!0.0!!!!!!!!!!!!!!!!!
S!032X032SM!00009!~BPM!o!v!!0.0!0.0!0.0!0.0!!!!!!!!!!!!!!!!!
S!032X032SM!00010!~TFM!o!v!!0.0!0.0!0.0!0.0!!!!!!!!!!!!!!!!!
S!032X032SM!00011!~BFM!o!v!!0.0!0.0!0.0!0.0!!!!!!!!!!!!!!!!!
S!032X032SM!00012!~DRILL!o!v!0.0!0.0!0.0!0.0!0.0!!P!!n!!!!!!CIRCLE_DRILL!CIRCLE_DRILL!0.0!0.0!!!!
S!100X060SM!00001!TOP!o!v!RECTANGLE!100.0!60.0!0.0!0.0!!!!0.0!0.0!0.0!0.0!!!!0.0!0.0!0.0!0.0!!!
S!100X060SM!00002!internal_pad_def!o!v!!0.0!0.0!0.0!0.0!!!!0.0!0.0!0.0!0.0!!!!0.0!0.0!0.0!0.0!!!
S!100X060SM!00003!POWER_1!o!v!!0.0!0.0!0.0!0.0!!!!0.0!0.0!0.0!0.0!!!!0.0!0.0!0.0!0.0!!!
S!100X060SM!00004!POWER_2!o!v!!0.0!0.0!0.0!0.0!!!!0.0!0.0!0.0!0.0!!!!0.0!0.0!0.0!0.0!!!
S!100X060SM!00005!BOTTOM!o!v!!0.0!0.0!0.0!0.0!!!!0.0!0.0!0.0!0.0!!!!0.0!0.0!0.0!0.0!!!
S!100X060SM!00006!~TSM!o!v!RECTANGLE!105.0!65.0!0.0!0.0!!!!!!!!!!!!!!!!!
S!100X060SM!00007!~BSM!o!v!!0.0!0.0!0.0!0.0!!!!!!!!!!!!!!!!!
S!100X060SM!00008!~TPM!o!v!RECTANGLE!100.0!60.0!0.0!0.0!!!!!!!!!!!!!!!!!
S!100X060SM!00009!~BPM!o!v!!0.0!0.0!0.0!0.0!!!!!!!!!!!!!!!!!
S!100X060SM!00010!~TFM!o!v!!0.0!0.0!0.0!0.0!!!!!!!!!!!!!!!!!
S!100X060SM!00011!~BFM!o!v!!0.0!0.0!0.0!0.0!!!!!!!!!!!!!!!!!
S!100X060SM!00012!~DRILL!o!v!0.0!0.0!0.0!0.0!0.0!!P!!n!!!!!!CIRCLE_DRILL!CIRCLE_DRILL!0.0!0.0!!!!
S!028X032SM!00001!TOP!o!v!RECTANGLE!28.0!32.0!0.0!0.0!!!!0.0!0.0!0.0!0.0!!!!0.0!0.0!0.0!0.0!!!
S!028X032SM!00002!internal_pad_def!o!v!!0.0!0.0!0.0!0.0!!!!0.0!0.0!0.0!0.0!!!!0.0!0.0!0.0!0.0!!!
S!028X032SM!00003!POWER_1!o!v!!0.0!0.0!0.0!0.0!!!!0.0!0.0!0.0!0.0!!!!0.0!0.0!0.0!0.0!!!
S!028X032SM!00004!POWER_2!o!v!!0.0!0.0!0.0!0.0!!!!0.0!0.0!0.0!0.0!!!!0.0!0.0!0.0!0.0!!!
S!028X032SM!00005!BOTTOM!o!v!!0.0!0.0!0.0!0.0!!!!0.0!0.0!0.0!0.0!!!!0.0!0.0!0.0!0.0!!!
S!028X032SM!00006!~TSM!o!v!RECTANGLE!32.0!36.0!0.0!0.0!!!!!!!!!!!!!!!!!
S!028X032SM!00007!~BSM!o!v!!0.0!0.0!0.0!0.0!!!!!!!!!!!!!!!!!
S!028X032SM!00008!~TPM!o!v!RECTANGLE!28.0!32.0!0.0!0.0!!!!!!!!!!!!!!!!!
S!028X032SM!00009!~BPM!o!v!!0.0!0.0!0.0!0.0!!!!!!!!!!!!!!!!!
S!028X032SM!00010!~TFM!o!v!!0.0!0.0!0.0!0.0!!!!!!!!!!!!!!!!!
S!028X032SM!00011!~BFM!o!v!!0.0!0.0!0.0!0.0!!!!!!!!!!!!!!!!!
S!028X032SM!00012!~DRILL!o!v!0.0!0.0!0.0!0.0!0.0!!P!!n!!!!!!CIRCLE_DRILL!CIRCLE_DRILL!0.0!0.0!!!!
S!046X062SM!00001!TOP!o!v!RECTANGLE!46.0!62.0!0.0!0.0!!!RECTANGLE!61.0!77.0!0.0!0.0!!!RECTANGLE!61.0!77.0!0.0!0.0!!!
S!046X062SM!00002!internal_pad_def!o!v!!0.0!0.0!0.0!0.0!!!!0.0!0.0!0.0!0.0!!!!0.0!0.0!0.0!0.0!!!
S!046X062SM!00003!POWER_1!o!v!!0.0!0.0!0.0!0.0!!!!0.0!0.0!0.0!0.0!!!!0.0!0.0!0.0!0.0!!!
S!046X062SM!00004!POWER_2!o!v!!0.0!0.0!0.0!0.0!!!!0.0!0.0!0.0!0.0!!!!0.0!0.0!0.0!0.0!!!
S!046X062SM!00005!BOTTOM!o!v!!0.0!0.0!0.0!0.0!!!!0.0!0.0!0.0!0.0!!!!0.0!0.0!0.0!0.0!!!
S!046X062SM!00006!~TSM!o!v!RECTANGLE!50.0!66.0!0.0!0.0!!!!!!!!!!!!!!!!!
S!046X062SM!00007!~BSM!o!v!!0.0!0.0!0.0!0.0!!!!!!!!!!!!!!!!!
S!046X062SM!00008!~TPM!o!v!RECTANGLE!46.0!62.0!0.0!0.0!!!!!!!!!!!!!!!!!
S!046X062SM!00009!~BPM!o!v!!0.0!0.0!0.0!0.0!!!!!!!!!!!!!!!!!
S!046X062SM!00010!~TFM!o!v!!0.0!0.0!0.0!0.0!!!!!!!!!!!!!!!!!
S!046X062SM!00011!~BFM!o!v!!0.0!0.0!0.0!0.0!!!!!!!!!!!!!!!!!
S!046X062SM!00012!~DRILL!o!v!0.0!0.0!0.0!0.0!0.0!!P!!n!!!!!!CIRCLE_DRILL!CIRCLE_DRILL!0.0!0.0!!!!
S!021X020SM!00001!TOP!o!v!RECTANGLE!21.0!20.0!0.0!0.0!!!!0.0!0.0!0.0!0.0!!!!0.0!0.0!0.0!0.0!!!
S!021X020SM!00002!internal_pad_def!o!v!!0.0!0.0!0.0!0.0!!!!0.0!0.0!0.0!0.0!!!!0.0!0.0!0.0!0.0!!!
S!021X020SM!00003!POWER_1!o!v!!0.0!0.0!0.0!0.0!!!!0.0!0.0!0.0!0.0!!!!0.0!0.0!0.0!0.0!!!
S!021X020SM!00004!POWER_2!o!v!!0.0!0.0!0.0!0.0!!!!0.0!0.0!0.0!0.0!!!!0.0!0.0!0.0!0.0!!!
S!021X020SM!00005!BOTTOM!o!v!!0.0!0.0!0.0!0.0!!!!0.0!0.0!0.0!0.0!!!!0.0!0.0!0.0!0.0!!!
S!021X020SM!00006!~TSM!o!v!RECTANGLE!26.0!25.0!0.0!0.0!!!!!!!!!!!!!!!!!
S!021X020SM!00007!~BSM!o!v!!0.0!0.0!0.0!0.0!!!!!!!!!!!!!!!!!
S!021X020SM!00008!~TPM!o!v!RECTANGLE!21.0!20.0!0.0!0.0!!!!!!!!!!!!!!!!!
S!021X020SM!00009!~BPM!o!v!!0.0!0.0!0.0!0.0!!!!!!!!!!!!!!!!!
S!021X020SM!00010!~TFM!o!v!!0.0!0.0!0.0!0.0!!!!!!!!!!!!!!!!!
S!021X020SM!00011!~BFM!o!v!!0.0!0.0!0.0!0.0!!!!!!!!!!!!!!!!!
S!021X020SM!00012!~DRILL!o!v!0.0!0.0!0.0!0.0!0.0!!P!!n!!!!!!CIRCLE_DRILL!CIRCLE_DRILL!0.0!0.0!!!!
