A!CLASS!REFDES!PIN_NUMBER!PAD_STACK_NAME!START_LAYER_NAME!END_LAYER_NAME!NET_NAME!PIN_X!PIN_Y!VIA_X!VIA_Y!DRILL_HOLE_TYPE!SLOT_SIZE_MAJOR!SLOT_SIZE_MINOR!SLOT_X!SLOT_Y!SLOT_ROTATION!SLOT_PLATING!DRILL_FIGURE_CHAR!DRILL_FIGURE_SHAPE!DRILL_FIGURE_WIDTH!DRILL_FIGURE_HEIGHT!DRILL_FIGURE_ROTATION!GRAPHIC_DATA_NAME!GRAPHIC_DATA_1!GRAPHIC_DATA_2!GRAPHIC_DATA_3!GRAPHIC_DATA_4!PIN_NUMBER_SORT!DRILL_ARRAY_LOCATIONS!COMP_PACKAGE!DRILL_HOLE_POSTOL!DRILL_HOLE_NEGTOL!BACKDRILL_TOP_LAYER!BACKDRILL_BOTTOM_LAYER!
J!F:/PCB_class/Send_to_Students/Exercise1_Cloudshield_600-0129-001/Fabnote+Logo/USB_HUNB3_5Sep18.brd!Wed Oct 17 22:01:52 2018!-21969.2!-30061.9!28030.8!19938.1!0.1!mils!TNSP_USBHUB3!63.300000 mil!4!UP TO DATE!
S!PIN!U1!1!027X1SM!TOP!TOP!VDDOUT_2V5!560.0!1020.0!!!!!!!!!!!!!!!FIG_RECTANGLE!560.0!1020.0!22.4!51.2! 00000001!!NEC_TQFP_48!!!!!
S!PIN!U1!2!027X1SM!TOP!TOP!GND!579.7!1020.0!!!!!!!!!!!!!!!FIG_RECTANGLE!579.7!1020.0!22.4!51.2! 00000002!!NEC_TQFP_48!!!!!
S!PIN!U1!3!027X1SM!TOP!TOP!!599.4!1020.0!!!!!!!!!!!!!!!FIG_RECTANGLE!599.4!1020.0!22.4!51.2! 00000003!!NEC_TQFP_48!!!!!
S!PIN!U1!4!027X1SM!TOP!TOP!LED3!619.1!1020.0!!!!!!!!!!!!!!!FIG_RECTANGLE!619.1!1020.0!22.4!51.2! 00000004!!NEC_TQFP_48!!!!!
S!PIN!U1!5!027X1SM!TOP!TOP!LED2!638.8!1020.0!!!!!!!!!!!!!!!FIG_RECTANGLE!638.8!1020.0!22.4!51.2! 00000005!!NEC_TQFP_48!!!!!
S!PIN!U1!6!027X1SM!TOP!TOP!LED1!658.5!1020.0!!!!!!!!!!!!!!!FIG_RECTANGLE!658.5!1020.0!22.4!51.2! 00000006!!NEC_TQFP_48!!!!!
S!PIN!U1!7!027X1SM!TOP!TOP!LED_GREEN!678.1!1020.0!!!!!!!!!!!!!!!FIG_RECTANGLE!678.1!1020.0!22.4!51.2! 00000007!!NEC_TQFP_48!!!!!
S!PIN!U1!8!027X1SM!TOP!TOP!LED_AMBER!697.8!1020.0!!!!!!!!!!!!!!!FIG_RECTANGLE!697.8!1020.0!22.4!51.2! 00000008!!NEC_TQFP_48!!!!!
S!PIN!U1!9!027X1SM!TOP!TOP!VDD_3V3!717.5!1020.0!!!!!!!!!!!!!!!FIG_RECTANGLE!717.5!1020.0!22.4!51.2! 00000009!!NEC_TQFP_48!!!!!
S!PIN!U1!10!027X1SM!TOP!TOP!XTAL1!737.2!1020.0!!!!!!!!!!!!!!!FIG_RECTANGLE!737.2!1020.0!22.4!51.2! 00000010!!NEC_TQFP_48!!!!!
S!PIN!U1!11!027X1SM!TOP!TOP!XTAL2!756.9!1020.0!!!!!!!!!!!!!!!FIG_RECTANGLE!756.9!1020.0!22.4!51.2! 00000011!!NEC_TQFP_48!!!!!
S!PIN!U1!12!027X1SM!TOP!TOP!VDDOUT_2V5!776.6!1020.0!!!!!!!!!!!!!!!FIG_RECTANGLE!776.6!1020.0!22.4!51.2! 00000012!!NEC_TQFP_48!!!!!
S!PIN!U1!13!027X1SM!TOP!TOP!BUS_B!829.7!1073.1!!!!!!!!!!!!!!!FIG_RECTANGLE!829.7!1073.1!51.2!22.4! 00000013!!NEC_TQFP_48!!!!!
S!PIN!U1!14!027X1SM!TOP!TOP!GND!829.7!1092.8!!!!!!!!!!!!!!!FIG_RECTANGLE!829.7!1092.8!51.2!22.4! 00000014!!NEC_TQFP_48!!!!!
S!PIN!U1!15!027X1SM!TOP!TOP!RREF!829.7!1112.5!!!!!!!!!!!!!!!FIG_RECTANGLE!829.7!1112.5!51.2!22.4! 00000015!!NEC_TQFP_48!!!!!
S!PIN!U1!16!027X1SM!TOP!TOP!AVSS_GND!829.7!1132.2!!!!!!!!!!!!!!!FIG_RECTANGLE!829.7!1132.2!51.2!22.4! 00000016!!NEC_TQFP_48!!!!!
S!PIN!U1!17!027X1SM!TOP!TOP!AVDD_2V5!829.7!1151.9!!!!!!!!!!!!!!!FIG_RECTANGLE!829.7!1151.9!51.2!22.4! 00000017!!NEC_TQFP_48!!!!!
S!PIN!U1!18!027X1SM!TOP!TOP!AVSS_GND!829.7!1171.6!!!!!!!!!!!!!!!FIG_RECTANGLE!829.7!1171.6!51.2!22.4! 00000018!!NEC_TQFP_48!!!!!
S!PIN!U1!19!027X1SM!TOP!TOP!AVDD_2V5!829.7!1191.2!!!!!!!!!!!!!!!FIG_RECTANGLE!829.7!1191.2!51.2!22.4! 00000019!!NEC_TQFP_48!!!!!
S!PIN!U1!20!027X1SM!TOP!TOP!VDD_3V3!829.7!1210.9!!!!!!!!!!!!!!!FIG_RECTANGLE!829.7!1210.9!51.2!22.4! 00000020!!NEC_TQFP_48!!!!!
S!PIN!U1!21!027X1SM!TOP!TOP!USB_UP_N!829.7!1230.6!!!!!!!!!!!!!!!FIG_RECTANGLE!829.7!1230.6!51.2!22.4! 00000021!!NEC_TQFP_48!!!!!
S!PIN!U1!22!027X1SM!TOP!TOP!USB_UP_P!829.7!1250.3!!!!!!!!!!!!!!!FIG_RECTANGLE!829.7!1250.3!51.2!22.4! 00000022!!NEC_TQFP_48!!!!!
S!PIN!U1!23!027X1SM!TOP!TOP!GND!829.7!1270.0!!!!!!!!!!!!!!!FIG_RECTANGLE!829.7!1270.0!51.2!22.4! 00000023!!NEC_TQFP_48!!!!!
S!PIN!U1!24!027X1SM!TOP!TOP!VDDOUT_2V5!829.7!1289.7!!!!!!!!!!!!!!!FIG_RECTANGLE!829.7!1289.7!51.2!22.4! 00000024!!NEC_TQFP_48!!!!!
S!PIN!U1!25!027X1SM!TOP!TOP!USB_D1_N!776.6!1342.8!!!!!!!!!!!!!!!FIG_RECTANGLE!776.6!1342.8!22.4!51.2! 00000025!!NEC_TQFP_48!!!!!
S!PIN!U1!26!027X1SM!TOP!TOP!USB_D1_P!756.9!1342.8!!!!!!!!!!!!!!!FIG_RECTANGLE!756.9!1342.8!22.4!51.2! 00000026!!NEC_TQFP_48!!!!!
S!PIN!U1!27!027X1SM!TOP!TOP!GND!737.2!1342.8!!!!!!!!!!!!!!!FIG_RECTANGLE!737.2!1342.8!22.4!51.2! 00000027!!NEC_TQFP_48!!!!!
S!PIN!U1!28!027X1SM!TOP!TOP!USB_D2_N!717.5!1342.8!!!!!!!!!!!!!!!FIG_RECTANGLE!717.5!1342.8!22.4!51.2! 00000028!!NEC_TQFP_48!!!!!
S!PIN!U1!29!027X1SM!TOP!TOP!USB_D2_P!697.8!1342.8!!!!!!!!!!!!!!!FIG_RECTANGLE!697.8!1342.8!22.4!51.2! 00000029!!NEC_TQFP_48!!!!!
S!PIN!U1!30!027X1SM!TOP!TOP!VDD_3V3!678.1!1342.8!!!!!!!!!!!!!!!FIG_RECTANGLE!678.1!1342.8!22.4!51.2! 00000030!!NEC_TQFP_48!!!!!
S!PIN!U1!31!027X1SM!TOP!TOP!USB_D3_N!658.5!1342.8!!!!!!!!!!!!!!!FIG_RECTANGLE!658.5!1342.8!22.4!51.2! 00000031!!NEC_TQFP_48!!!!!
S!PIN!U1!32!027X1SM!TOP!TOP!USB_D3_P!638.8!1342.8!!!!!!!!!!!!!!!FIG_RECTANGLE!638.8!1342.8!22.4!51.2! 00000032!!NEC_TQFP_48!!!!!
S!PIN!U1!33!027X1SM!TOP!TOP!VDDOUT_2V5!619.1!1342.8!!!!!!!!!!!!!!!FIG_RECTANGLE!619.1!1342.8!22.4!51.2! 00000033!!NEC_TQFP_48!!!!!
S!PIN!U1!34!027X1SM!TOP!TOP!USB_D4_N!599.4!1342.8!!!!!!!!!!!!!!!FIG_RECTANGLE!599.4!1342.8!22.4!51.2! 00000034!!NEC_TQFP_48!!!!!
S!PIN!U1!35!027X1SM!TOP!TOP!USB_D4_P!579.7!1342.8!!!!!!!!!!!!!!!FIG_RECTANGLE!579.7!1342.8!22.4!51.2! 00000035!!NEC_TQFP_48!!!!!
S!PIN!U1!36!027X1SM!TOP!TOP!GND!560.0!1342.8!!!!!!!!!!!!!!!FIG_RECTANGLE!560.0!1342.8!22.4!51.2! 00000036!!NEC_TQFP_48!!!!!
S!PIN!U1!37!027X1SM!TOP!TOP!SYSRST_L!506.9!1289.7!!!!!!!!!!!!!!!FIG_RECTANGLE!506.9!1289.7!51.2!22.4! 00000037!!NEC_TQFP_48!!!!!
S!PIN!U1!38!027X1SM!TOP!TOP!USB4_EN_L!506.9!1270.0!!!!!!!!!!!!!!!FIG_RECTANGLE!506.9!1270.0!51.2!22.4! 00000038!!NEC_TQFP_48!!!!!
S!PIN!U1!39!027X1SM!TOP!TOP!USB4_CS_L!506.9!1250.3!!!!!!!!!!!!!!!FIG_RECTANGLE!506.9!1250.3!51.2!22.4! 00000039!!NEC_TQFP_48!!!!!
S!PIN!U1!40!027X1SM!TOP!TOP!USB3_EN_L!506.9!1230.6!!!!!!!!!!!!!!!FIG_RECTANGLE!506.9!1230.6!51.2!22.4! 00000040!!NEC_TQFP_48!!!!!
S!PIN!U1!41!027X1SM!TOP!TOP!USB3_CS_L!506.9!1210.9!!!!!!!!!!!!!!!FIG_RECTANGLE!506.9!1210.9!51.2!22.4! 00000041!!NEC_TQFP_48!!!!!
S!PIN!U1!42!027X1SM!TOP!TOP!GND!506.9!1191.2!!!!!!!!!!!!!!!FIG_RECTANGLE!506.9!1191.2!51.2!22.4! 00000042!!NEC_TQFP_48!!!!!
S!PIN!U1!43!027X1SM!TOP!TOP!USB2_EN_L!506.9!1171.6!!!!!!!!!!!!!!!FIG_RECTANGLE!506.9!1171.6!51.2!22.4! 00000043!!NEC_TQFP_48!!!!!
S!PIN!U1!44!027X1SM!TOP!TOP!USB2_CS_L!506.9!1151.9!!!!!!!!!!!!!!!FIG_RECTANGLE!506.9!1151.9!51.2!22.4! 00000044!!NEC_TQFP_48!!!!!
S!PIN!U1!45!027X1SM!TOP!TOP!USB1_EN_L!506.9!1132.2!!!!!!!!!!!!!!!FIG_RECTANGLE!506.9!1132.2!51.2!22.4! 00000045!!NEC_TQFP_48!!!!!
S!PIN!U1!46!027X1SM!TOP!TOP!USB1_CS_L!506.9!1112.5!!!!!!!!!!!!!!!FIG_RECTANGLE!506.9!1112.5!51.2!22.4! 00000046!!NEC_TQFP_48!!!!!
S!PIN!U1!47!027X1SM!TOP!TOP!VBUS_MON!506.9!1092.8!!!!!!!!!!!!!!!FIG_RECTANGLE!506.9!1092.8!51.2!22.4! 00000047!!NEC_TQFP_48!!!!!
S!PIN!U1!48!027X1SM!TOP!TOP!VDD_3V3!506.9!1073.1!!!!!!!!!!!!!!!FIG_RECTANGLE!506.9!1073.1!51.2!22.4! 00000048!!NEC_TQFP_48!!!!!
S!PIN!U4!1!028X085SM!TOP!TOP!VBUS_5V0!1096.0!588.0!!!!!!!!!!!!!!!FIG_RECTANGLE!1096.0!588.0!16.6!39.0! 00000001!!TI_SON_10!!!!!
S!PIN!U4!2!028X085SM!TOP!TOP!VBUS_5V0!1115.7!588.0!!!!!!!!!!!!!!!FIG_RECTANGLE!1115.7!588.0!16.6!39.0! 00000002!!TI_SON_10!!!!!
S!PIN!U4!3!028X085SM!TOP!TOP!LDO_PG!1135.4!588.0!!!!!!!!!!!!!!!FIG_RECTANGLE!1135.4!588.0!16.6!39.0! 00000003!!TI_SON_10!!!!!
S!PIN!U4!4!028X085SM!TOP!TOP!VBUS_5V0!1155.1!588.0!!!!!!!!!!!!!!!FIG_RECTANGLE!1155.1!588.0!16.6!39.0! 00000004!!TI_SON_10!!!!!
S!PIN!U4!5!028X085SM!TOP!TOP!VBUS_5V0!1174.8!588.0!!!!!!!!!!!!!!!FIG_RECTANGLE!1174.8!588.0!16.6!39.0! 00000005!!TI_SON_10!!!!!
S!PIN!U4!6!028X085SM!TOP!TOP!GND!1174.8!704.2!!!!!!!!!!!!!!!FIG_RECTANGLE!1174.8!704.2!16.6!39.0! 00000006!!TI_SON_10!!!!!
S!PIN!U4!7!028X085SM!TOP!TOP!LDO_SS!1155.1!704.2!!!!!!!!!!!!!!!FIG_RECTANGLE!1155.1!704.2!16.6!39.0! 00000007!!TI_SON_10!!!!!
S!PIN!U4!8!028X085SM!TOP!TOP!LDO_FB!1135.4!704.2!!!!!!!!!!!!!!!FIG_RECTANGLE!1135.4!704.2!16.6!39.0! 00000008!!TI_SON_10!!!!!
S!PIN!U4!9!028X085SM!TOP!TOP!VDD_3V3!1115.7!704.2!!!!!!!!!!!!!!!FIG_RECTANGLE!1115.7!704.2!16.6!39.0! 00000009!!TI_SON_10!!!!!
S!PIN!U4!10!028X085SM!TOP!TOP!VDD_3V3!1096.0!704.2!!!!!!!!!!!!!!!FIG_RECTANGLE!1096.0!704.2!16.6!39.0! 00000010!!TI_SON_10!!!!!
S!PIN!U4!11!028X085SM_11!TOP!TOP!GND!1135.4!647.1!!!!!!!!!!!!!!!FIG_RECTANGLE!1135.4!647.1!149.6!65.0! 00000011!!TI_SON_10!!!!!
S!PIN!X1!1!048X063SM!TOP!TOP!XTAL2_R!741.0!802.0!!!!!!!!!!!!!!!FIG_RECTANGLE!741.0!802.0!78.0!63.0! 00000001!!XTAL_VXM5!!!!!
S!PIN!X1!2!048X063SM!TOP!TOP!!587.4!802.0!!!!!!!!!!!!!!!FIG_RECTANGLE!587.4!802.0!78.0!63.0! 00000002!!XTAL_VXM5!!!!!
S!PIN!X1!4!048X063SM!TOP!TOP!!741.0!707.6!!!!!!!!!!!!!!!FIG_RECTANGLE!741.0!707.6!78.0!63.0! 00000004!!XTAL_VXM5!!!!!
S!PIN!X1!3!048X063SM!TOP!TOP!XTAL1!587.4!707.6!!!!!!!!!!!!!!!FIG_RECTANGLE!587.4!707.6!78.0!63.0! 00000003!!XTAL_VXM5!!!!!
S!PIN!U3!8!061X024SM!TOP!TOP!!113.4!676.0!!!!!!!!!!!!!!!FIG_RECTANGLE!113.4!676.0!67.0!30.0! 00000008!!DIODES_SOP_8L!!!!!
S!PIN!U3!7!061X024SM!TOP!TOP!VPORT_5V0!113.4!726.0!!!!!!!!!!!!!!!FIG_RECTANGLE!113.4!726.0!67.0!30.0! 00000007!!DIODES_SOP_8L!!!!!
S!PIN!U3!6!061X024SM!TOP!TOP!GND!113.4!776.0!!!!!!!!!!!!!!!FIG_RECTANGLE!113.4!776.0!67.0!30.0! 00000006!!DIODES_SOP_8L!!!!!
S!PIN!U3!5!061X024SM!TOP!TOP!VPORT3_5V0!113.4!826.0!!!!!!!!!!!!!!!FIG_RECTANGLE!113.4!826.0!67.0!30.0! 00000005!!DIODES_SOP_8L!!!!!
S!PIN!U3!4!061X024SM!TOP!TOP!USB3_EN_L!326.0!826.0!!!!!!!!!!!!!!!FIG_RECTANGLE!326.0!826.0!67.0!30.0! 00000004!!DIODES_SOP_8L!!!!!
S!PIN!U3!3!061X024SM!TOP!TOP!USB3_CS_L!326.0!776.0!!!!!!!!!!!!!!!FIG_RECTANGLE!326.0!776.0!67.0!30.0! 00000003!!DIODES_SOP_8L!!!!!
S!PIN!U3!2!061X024SM!TOP!TOP!USB4_CS_L!326.0!726.0!!!!!!!!!!!!!!!FIG_RECTANGLE!326.0!726.0!67.0!30.0! 00000002!!DIODES_SOP_8L!!!!!
S!PIN!U3!1!061X024SM!TOP!TOP!USB4_EN_L!326.0!676.0!!!!!!!!!!!!!!!FIG_RECTANGLE!326.0!676.0!67.0!30.0! 00000001!!DIODES_SOP_8L!!!!!
S!PIN!U2!8!061X024SM!TOP!TOP!VPORT2_5V0!120.0!1445.6!!!!!!!!!!!!!!!FIG_RECTANGLE!120.0!1445.6!30.0!67.0! 00000008!!DIODES_SOP_8L!!!!!
S!PIN!U2!7!061X024SM!TOP!TOP!VPORT_5V0!170.0!1445.6!!!!!!!!!!!!!!!FIG_RECTANGLE!170.0!1445.6!30.0!67.0! 00000007!!DIODES_SOP_8L!!!!!
S!PIN!U2!6!061X024SM!TOP!TOP!GND!220.0!1445.6!!!!!!!!!!!!!!!FIG_RECTANGLE!220.0!1445.6!30.0!67.0! 00000006!!DIODES_SOP_8L!!!!!
S!PIN!U2!5!061X024SM!TOP!TOP!VPORT1_5V0!270.0!1445.6!!!!!!!!!!!!!!!FIG_RECTANGLE!270.0!1445.6!30.0!67.0! 00000005!!DIODES_SOP_8L!!!!!
S!PIN!U2!4!061X024SM!TOP!TOP!USB1_EN_L!270.0!1233.0!!!!!!!!!!!!!!!FIG_RECTANGLE!270.0!1233.0!30.0!67.0! 00000004!!DIODES_SOP_8L!!!!!
S!PIN!U2!3!061X024SM!TOP!TOP!USB1_CS_L!220.0!1233.0!!!!!!!!!!!!!!!FIG_RECTANGLE!220.0!1233.0!30.0!67.0! 00000003!!DIODES_SOP_8L!!!!!
S!PIN!U2!2!061X024SM!TOP!TOP!USB2_CS_L!170.0!1233.0!!!!!!!!!!!!!!!FIG_RECTANGLE!170.0!1233.0!30.0!67.0! 00000002!!DIODES_SOP_8L!!!!!
S!PIN!U2!1!061X024SM!TOP!TOP!USB2_EN_L!120.0!1233.0!!!!!!!!!!!!!!!FIG_RECTANGLE!120.0!1233.0!30.0!67.0! 00000001!!DIODES_SOP_8L!!!!!
S!PIN!R29!1!021X020SM!TOP!TOP!CHASSIS_GND!1204.0!836.0!!!!!!!!!!!!!!!FIG_RECTANGLE!1204.0!836.0!25.0!26.0! 00000001!!0402R!!!!!
S!PIN!R29!2!021X020SM!TOP!TOP!GND!1204.0!803.0!!!!!!!!!!!!!!!FIG_RECTANGLE!1204.0!803.0!25.0!26.0! 00000002!!0402R!!!!!
S!PIN!R28!1!021X020SM!TOP!TOP!CHASSIS_GND!1156.0!836.0!!!!!!!!!!!!!!!FIG_RECTANGLE!1156.0!836.0!25.0!26.0! 00000001!!0402R!!!!!
S!PIN!R28!2!021X020SM!TOP!TOP!GND!1156.0!803.0!!!!!!!!!!!!!!!FIG_RECTANGLE!1156.0!803.0!25.0!26.0! 00000002!!0402R!!!!!
S!PIN!R27!1!021X020SM!TOP!TOP!CHASSIS_GND!1335.0!698.0!!!!!!!!!!!!!!!FIG_RECTANGLE!1335.0!698.0!26.0!25.0! 00000001!!0402R!!!!!
S!PIN!R27!2!021X020SM!TOP!TOP!GND!1302.0!698.0!!!!!!!!!!!!!!!FIG_RECTANGLE!1302.0!698.0!26.0!25.0! 00000002!!0402R!!!!!
S!PIN!R26!1!021X020SM!TOP!TOP!CHASSIS_GND!1335.0!744.0!!!!!!!!!!!!!!!FIG_RECTANGLE!1335.0!744.0!26.0!25.0! 00000001!!0402R!!!!!
S!PIN!R26!2!021X020SM!TOP!TOP!GND!1302.0!744.0!!!!!!!!!!!!!!!FIG_RECTANGLE!1302.0!744.0!26.0!25.0! 00000002!!0402R!!!!!
S!PIN!R25!1!021X020SM!TOP!TOP!USB_D4_N!608.0!1503.0!!!!!!!!!!!!!!!FIG_RECTANGLE!608.0!1503.0!25.0!26.0! 00000001!!0402R!!!!!
S!PIN!R25!2!021X020SM!TOP!TOP!GND!608.0!1470.0!!!!!!!!!!!!!!!FIG_RECTANGLE!608.0!1470.0!25.0!26.0! 00000002!!0402R!!!!!
S!PIN!R24!1!021X020SM!TOP!TOP!USB_D4_P!513.0!1502.0!!!!!!!!!!!!!!!FIG_RECTANGLE!513.0!1502.0!25.0!26.0! 00000001!!0402R!!!!!
S!PIN!R24!2!021X020SM!TOP!TOP!GND!513.0!1469.0!!!!!!!!!!!!!!!FIG_RECTANGLE!513.0!1469.0!25.0!26.0! 00000002!!0402R!!!!!
S!PIN!R23!1!021X020SM!TOP!TOP!VBUS_5V0!1142.0!528.0!!!!!!!!!!!!!!!FIG_RECTANGLE!1142.0!528.0!26.0!25.0! 00000001!!0402R!!!!!
S!PIN!R23!2!021X020SM!TOP!TOP!LDO_PG!1109.0!528.0!!!!!!!!!!!!!!!FIG_RECTANGLE!1109.0!528.0!26.0!25.0! 00000002!!0402R!!!!!
S!PIN!R22!1!021X020SM!TOP!TOP!LDO_FB!1250.0!836.0!!!!!!!!!!!!!!!FIG_RECTANGLE!1250.0!836.0!25.0!26.0! 00000001!!0402R!!!!!
S!PIN!R22!2!021X020SM!TOP!TOP!GND!1250.0!803.0!!!!!!!!!!!!!!!FIG_RECTANGLE!1250.0!803.0!25.0!26.0! 00000002!!0402R!!!!!
S!PIN!R21!1!021X020SM!TOP!TOP!VDD_3V3!1067.0!844.0!!!!!!!!!!!!!!!FIG_RECTANGLE!1067.0!844.0!26.0!25.0! 00000001!!0402R!!!!!
S!PIN!R21!2!021X020SM!TOP!TOP!LDO_FB!1100.0!844.0!!!!!!!!!!!!!!!FIG_RECTANGLE!1100.0!844.0!26.0!25.0! 00000002!!0402R!!!!!
S!PIN!R20!1!021X020SM!TOP!TOP!VDD_3V3!438.0!726.0!!!!!!!!!!!!!!!FIG_RECTANGLE!438.0!726.0!26.0!25.0! 00000001!!0402R!!!!!
S!PIN!R20!2!021X020SM!TOP!TOP!USB4_CS_L!405.0!726.0!!!!!!!!!!!!!!!FIG_RECTANGLE!405.0!726.0!26.0!25.0! 00000002!!0402R!!!!!
S!PIN!R19!1!021X020SM!TOP!TOP!VDD_3V3!436.0!776.0!!!!!!!!!!!!!!!FIG_RECTANGLE!436.0!776.0!26.0!25.0! 00000001!!0402R!!!!!
S!PIN!R19!2!021X020SM!TOP!TOP!USB3_CS_L!403.0!776.0!!!!!!!!!!!!!!!FIG_RECTANGLE!403.0!776.0!26.0!25.0! 00000002!!0402R!!!!!
S!PIN!R18!1!021X020SM!TOP!TOP!VDD_3V3!437.0!676.0!!!!!!!!!!!!!!!FIG_RECTANGLE!437.0!676.0!26.0!25.0! 00000001!!0402R!!!!!
S!PIN!R18!2!021X020SM!TOP!TOP!USB4_EN_L!404.0!676.0!!!!!!!!!!!!!!!FIG_RECTANGLE!404.0!676.0!26.0!25.0! 00000002!!0402R!!!!!
S!PIN!R17!1!021X020SM!TOP!TOP!VDD_3V3!438.0!826.0!!!!!!!!!!!!!!!FIG_RECTANGLE!438.0!826.0!26.0!25.0! 00000001!!0402R!!!!!
S!PIN!R17!2!021X020SM!TOP!TOP!USB3_EN_L!405.0!826.0!!!!!!!!!!!!!!!FIG_RECTANGLE!405.0!826.0!26.0!25.0! 00000002!!0402R!!!!!
S!PIN!R16!1!021X020SM!TOP!TOP!VDD_3V3!169.0!1123.0!!!!!!!!!!!!!!!FIG_RECTANGLE!169.0!1123.0!25.0!26.0! 00000001!!0402R!!!!!
S!PIN!R16!2!021X020SM!TOP!TOP!USB2_CS_L!169.0!1156.0!!!!!!!!!!!!!!!FIG_RECTANGLE!169.0!1156.0!25.0!26.0! 00000002!!0402R!!!!!
S!PIN!R15!1!021X020SM!TOP!TOP!VDD_3V3!219.0!1123.0!!!!!!!!!!!!!!!FIG_RECTANGLE!219.0!1123.0!25.0!26.0! 00000001!!0402R!!!!!
S!PIN!R15!2!021X020SM!TOP!TOP!USB1_CS_L!219.0!1156.0!!!!!!!!!!!!!!!FIG_RECTANGLE!219.0!1156.0!25.0!26.0! 00000002!!0402R!!!!!
S!PIN!R14!1!021X020SM!TOP!TOP!VDD_3V3!120.0!1123.0!!!!!!!!!!!!!!!FIG_RECTANGLE!120.0!1123.0!25.0!26.0! 00000001!!0402R!!!!!
S!PIN!R14!2!021X020SM!TOP!TOP!USB2_EN_L!120.0!1156.0!!!!!!!!!!!!!!!FIG_RECTANGLE!120.0!1156.0!25.0!26.0! 00000002!!0402R!!!!!
S!PIN!R13!1!021X020SM!TOP!TOP!VDD_3V3!269.0!1124.0!!!!!!!!!!!!!!!FIG_RECTANGLE!269.0!1124.0!25.0!26.0! 00000001!!0402R!!!!!
S!PIN!R13!2!021X020SM!TOP!TOP!USB1_EN_L!269.0!1157.0!!!!!!!!!!!!!!!FIG_RECTANGLE!269.0!1157.0!25.0!26.0! 00000002!!0402R!!!!!
S!PIN!R12!1!021X020SM!TOP!TOP!VDD_3V3!405.0!1265.0!!!!!!!!!!!!!!!FIG_RECTANGLE!405.0!1265.0!26.0!25.0! 00000001!!0402R!!!!!
S!PIN!R12!2!021X020SM!TOP!TOP!SYSRST_L!372.0!1265.0!!!!!!!!!!!!!!!FIG_RECTANGLE!372.0!1265.0!26.0!25.0! 00000002!!0402R!!!!!
S!PIN!R11!1!021X020SM!TOP!TOP!AVSS_GND!1001.0!1010.0!!!!!!!!!!!!!!!FIG_RECTANGLE!1001.0!1010.0!26.0!25.0! 00000001!!0402R!!!!!
S!PIN!R11!2!021X020SM!TOP!TOP!RREF!968.0!1010.0!!!!!!!!!!!!!!!FIG_RECTANGLE!968.0!1010.0!26.0!25.0! 00000002!!0402R!!!!!
S!PIN!R9!1!021X020SM!TOP!TOP!LED3!1089.0!1010.0!!!!!!!!!!!!!!!FIG_RECTANGLE!1089.0!1010.0!26.0!25.0! 00000001!!0402R!!!!!
S!PIN!R9!2!021X020SM!TOP!TOP!LED3_R!1122.0!1010.0!!!!!!!!!!!!!!!FIG_RECTANGLE!1122.0!1010.0!26.0!25.0! 00000002!!0402R!!!!!
S!PIN!R8!1!021X020SM!TOP!TOP!LED2!1090.0!1059.0!!!!!!!!!!!!!!!FIG_RECTANGLE!1090.0!1059.0!26.0!25.0! 00000001!!0402R!!!!!
S!PIN!R8!2!021X020SM!TOP!TOP!LED2_R!1123.0!1059.0!!!!!!!!!!!!!!!FIG_RECTANGLE!1123.0!1059.0!26.0!25.0! 00000002!!0402R!!!!!
S!PIN!R7!1!021X020SM!TOP!TOP!LED1!1122.0!1107.0!!!!!!!!!!!!!!!FIG_RECTANGLE!1122.0!1107.0!26.0!25.0! 00000001!!0402R!!!!!
S!PIN!R7!2!021X020SM!TOP!TOP!LED1_R!1089.0!1107.0!!!!!!!!!!!!!!!FIG_RECTANGLE!1089.0!1107.0!26.0!25.0! 00000002!!0402R!!!!!
S!PIN!R6!1!021X020SM!TOP!TOP!LED_AMBER!1001.0!963.0!!!!!!!!!!!!!!!FIG_RECTANGLE!1001.0!963.0!26.0!25.0! 00000001!!0402R!!!!!
S!PIN!R6!2!021X020SM!TOP!TOP!GND!968.0!963.0!!!!!!!!!!!!!!!FIG_RECTANGLE!968.0!963.0!26.0!25.0! 00000002!!0402R!!!!!
S!PIN!R5!1!021X020SM!TOP!TOP!BUS_B!1002.0!1059.0!!!!!!!!!!!!!!!FIG_RECTANGLE!1002.0!1059.0!26.0!25.0! 00000001!!0402R!!!!!
S!PIN!R5!2!021X020SM!TOP!TOP!GND!969.0!1059.0!!!!!!!!!!!!!!!FIG_RECTANGLE!969.0!1059.0!26.0!25.0! 00000002!!0402R!!!!!
S!PIN!R4!1!021X020SM!TOP!TOP!VDD_3V3!1087.0!1199.0!!!!!!!!!!!!!!!FIG_RECTANGLE!1087.0!1199.0!25.0!26.0! 00000001!!0402R!!!!!
S!PIN!R4!2!021X020SM!TOP!TOP!BUS_B!1087.0!1166.0!!!!!!!!!!!!!!!FIG_RECTANGLE!1087.0!1166.0!25.0!26.0! 00000002!!0402R!!!!!
S!PIN!R3!1!021X020SM!TOP!TOP!VBUS_MON!428.0!1100.0!!!!!!!!!!!!!!!FIG_RECTANGLE!428.0!1100.0!25.0!26.0! 00000001!!0402R!!!!!
S!PIN!R3!2!021X020SM!TOP!TOP!GND!428.0!1067.0!!!!!!!!!!!!!!!FIG_RECTANGLE!428.0!1067.0!25.0!26.0! 00000002!!0402R!!!!!
S!PIN!R2!1!021X020SM!TOP!TOP!VBUS_5V0!382.0!1066.0!!!!!!!!!!!!!!!FIG_RECTANGLE!382.0!1066.0!25.0!26.0! 00000001!!0402R!!!!!
S!PIN!R2!2!021X020SM!TOP!TOP!VBUS_MON!382.0!1099.0!!!!!!!!!!!!!!!FIG_RECTANGLE!382.0!1099.0!25.0!26.0! 00000002!!0402R!!!!!
S!PIN!R1!1!021X020SM!TOP!TOP!XTAL2!707.0!928.0!!!!!!!!!!!!!!!FIG_RECTANGLE!707.0!928.0!26.0!25.0! 00000001!!0402R!!!!!
S!PIN!R1!2!021X020SM!TOP!TOP!XTAL2_R!740.0!928.0!!!!!!!!!!!!!!!FIG_RECTANGLE!740.0!928.0!26.0!25.0! 00000002!!0402R!!!!!
S!PIN!MH4!1!MH_129X220_PTH!TOP!BOTTOM!CHASSIS_GND!1270.0!0.0!!!CIRCLE_DRILL!129.0!129.0!1270.0!0.0!0.000!PLATED!MT!CIRCLE!50.0!50.0!0.000!FIG_RECTANGLE!1270.0!0.0!260.0!260.0! 00000001!!MH_129X220_PTH!0.0!0.0!!!
S!PIN!MH3!1!MH_129X220_PTH!TOP!BOTTOM!CHASSIS_GND!0.0!0.0!!!CIRCLE_DRILL!129.0!129.0!0.0!0.0!0.000!PLATED!MT!CIRCLE!50.0!50.0!0.000!FIG_RECTANGLE!0.0!0.0!260.0!260.0! 00000001!!MH_129X220_PTH!0.0!0.0!!!
S!PIN!MH2!1!MH_129X220_PTH!TOP!BOTTOM!CHASSIS_GND!0.0!1825.0!!!CIRCLE_DRILL!129.0!129.0!0.0!1825.0!0.000!PLATED!MT!CIRCLE!50.0!50.0!0.000!FIG_RECTANGLE!0.0!1825.0!260.0!260.0! 00000001!!MH_129X220_PTH!0.0!0.0!!!
S!PIN!MH1!1!MH_129X220_PTH!TOP!BOTTOM!CHASSIS_GND!1270.0!1825.0!!!CIRCLE_DRILL!129.0!129.0!1270.0!1825.0!0.000!PLATED!MT!CIRCLE!50.0!50.0!0.000!FIG_RECTANGLE!1270.0!1825.0!260.0!260.0! 00000001!!MH_129X220_PTH!0.0!0.0!!!
S!PIN!FB9!2!030X032SM!TOP!TOP!VFIL3_5V0!110.0!950.2!!!!!!!!!!!!!!!FIG_RECTANGLE!110.0!950.2!47.0!45.0! 00000002!!0603L!!!!!
S!PIN!FB9!1!030X032SM!TOP!TOP!VPORT3_5V0!110.0!895.0!!!!!!!!!!!!!!!FIG_RECTANGLE!110.0!895.0!47.0!45.0! 00000001!!0603L!!!!!
S!PIN!FB8!2!030X032SM!TOP!TOP!GND!170.0!1989.2!!!!!!!!!!!!!!!FIG_RECTANGLE!170.0!1989.2!47.0!45.0! 00000002!!0603L!!!!!
S!PIN!FB8!1!030X032SM!TOP!TOP!CHASSIS_GND!170.0!1934.0!!!!!!!!!!!!!!!FIG_RECTANGLE!170.0!1934.0!47.0!45.0! 00000001!!0603L!!!!!
S!PIN!FB7!2!030X032SM!TOP!TOP!GND!547.0!1981.2!!!!!!!!!!!!!!!FIG_RECTANGLE!547.0!1981.2!47.0!45.0! 00000002!!0603L!!!!!
S!PIN!FB7!1!030X032SM!TOP!TOP!CHASSIS_GND!547.0!1926.0!!!!!!!!!!!!!!!FIG_RECTANGLE!547.0!1926.0!47.0!45.0! 00000001!!0603L!!!!!
S!PIN!FB6!2!030X032SM!TOP!TOP!VFIL2_5V0!160.0!1639.2!!!!!!!!!!!!!!!FIG_RECTANGLE!160.0!1639.2!47.0!45.0! 00000002!!0603L!!!!!
S!PIN!FB6!1!030X032SM!TOP!TOP!VPORT2_5V0!160.0!1584.0!!!!!!!!!!!!!!!FIG_RECTANGLE!160.0!1584.0!47.0!45.0! 00000001!!0603L!!!!!
S!PIN!FB5!2!030X032SM!TOP!TOP!GND!960.0!1974.2!!!!!!!!!!!!!!!FIG_RECTANGLE!960.0!1974.2!47.0!45.0! 00000002!!0603L!!!!!
S!PIN!FB5!1!030X032SM!TOP!TOP!CHASSIS_GND!960.0!1919.0!!!!!!!!!!!!!!!FIG_RECTANGLE!960.0!1919.0!47.0!45.0! 00000001!!0603L!!!!!
S!PIN!FB4!2!030X032SM!TOP!TOP!VFIL1_5V0!223.0!1636.2!!!!!!!!!!!!!!!FIG_RECTANGLE!223.0!1636.2!47.0!45.0! 00000002!!0603L!!!!!
S!PIN!FB4!1!030X032SM!TOP!TOP!VPORT1_5V0!223.0!1581.0!!!!!!!!!!!!!!!FIG_RECTANGLE!223.0!1581.0!47.0!45.0! 00000001!!0603L!!!!!
S!PIN!FB2!2!030X032SM!TOP!TOP!AVSS_GND!1025.2!1455.0!!!!!!!!!!!!!!!FIG_RECTANGLE!1025.2!1455.0!45.0!47.0! 00000002!!0603L!!!!!
S!PIN!FB2!1!030X032SM!TOP!TOP!GND!970.0!1455.0!!!!!!!!!!!!!!!FIG_RECTANGLE!970.0!1455.0!45.0!47.0! 00000001!!0603L!!!!!
S!PIN!FB1!2!030X032SM!TOP!TOP!AVDD_2V5!1142.2!1298.0!!!!!!!!!!!!!!!FIG_RECTANGLE!1142.2!1298.0!45.0!47.0! 00000002!!0603L!!!!!
S!PIN!FB1!1!030X032SM!TOP!TOP!VDDOUT_2V5!1087.0!1298.0!!!!!!!!!!!!!!!FIG_RECTANGLE!1087.0!1298.0!45.0!47.0! 00000001!!0603L!!!!!
S!PIN!F1!1!077X124SM!TOP!TOP!VBUS_5V0!125.0!566.0!!!!!!!!!!!!!!!FIG_RECTANGLE!125.0!566.0!92.0!139.0! 00000001!!FUSE_SMD!!!!!
S!PIN!F1!2!077X124SM!TOP!TOP!VPORT_5V0!318.0!566.0!!!!!!!!!!!!!!!FIG_RECTANGLE!318.0!566.0!92.0!139.0! 00000002!!FUSE_SMD!!!!!
S!PIN!D6!1!032X032SM!TOP!TOP!LED_AMBER!1204.0!931.0!!!!!!!!!!!!!!!FIG_RECTANGLE!1204.0!931.0!47.0!47.0! 00000001!!SMTLED_0603!!!!!
S!PIN!D6!2!032X032SM!TOP!TOP!LED3_R!1263.0!931.0!!!!!!!!!!!!!!!FIG_RECTANGLE!1263.0!931.0!47.0!47.0! 00000002!!SMTLED_0603!!!!!
S!PIN!D5!1!032X032SM!TOP!TOP!LED_GREEN!1202.0!975.0!!!!!!!!!!!!!!!FIG_RECTANGLE!1202.0!975.0!47.0!47.0! 00000001!!SMTLED_0603!!!!!
S!PIN!D5!2!032X032SM!TOP!TOP!LED3_R!1261.0!975.0!!!!!!!!!!!!!!!FIG_RECTANGLE!1261.0!975.0!47.0!47.0! 00000002!!SMTLED_0603!!!!!
S!PIN!D4!1!032X032SM!TOP!TOP!LED_AMBER!1203.0!1018.0!!!!!!!!!!!!!!!FIG_RECTANGLE!1203.0!1018.0!47.0!47.0! 00000001!!SMTLED_0603!!!!!
S!PIN!D4!2!032X032SM!TOP!TOP!LED2_R!1262.0!1018.0!!!!!!!!!!!!!!!FIG_RECTANGLE!1262.0!1018.0!47.0!47.0! 00000002!!SMTLED_0603!!!!!
S!PIN!D3!1!032X032SM!TOP!TOP!LED_GREEN!1205.0!1063.0!!!!!!!!!!!!!!!FIG_RECTANGLE!1205.0!1063.0!47.0!47.0! 00000001!!SMTLED_0603!!!!!
S!PIN!D3!2!032X032SM!TOP!TOP!LED2_R!1264.0!1063.0!!!!!!!!!!!!!!!FIG_RECTANGLE!1264.0!1063.0!47.0!47.0! 00000002!!SMTLED_0603!!!!!
S!PIN!D2!1!032X032SM!TOP!TOP!LED_AMBER!1205.0!1151.0!!!!!!!!!!!!!!!FIG_RECTANGLE!1205.0!1151.0!47.0!47.0! 00000001!!SMTLED_0603!!!!!
S!PIN!D2!2!032X032SM!TOP!TOP!LED1_R!1264.0!1151.0!!!!!!!!!!!!!!!FIG_RECTANGLE!1264.0!1151.0!47.0!47.0! 00000002!!SMTLED_0603!!!!!
S!PIN!D1!1!032X032SM!TOP!TOP!LED_GREEN!1205.0!1106.0!!!!!!!!!!!!!!!FIG_RECTANGLE!1205.0!1106.0!47.0!47.0! 00000001!!SMTLED_0603!!!!!
S!PIN!D1!2!032X032SM!TOP!TOP!LED1_R!1264.0!1106.0!!!!!!!!!!!!!!!FIG_RECTANGLE!1264.0!1106.0!47.0!47.0! 00000002!!SMTLED_0603!!!!!
S!PIN!CN1!1!D037C057!TOP!BOTTOM!VBUS_5V0!684.2!415.1!!!CIRCLE_DRILL!37.0!37.0!684.2!415.1!0.000!PLATED!k!CIRCLE!50.0!50.0!0.000!CIRCLE!684.2!415.1!72.0!72.0! 00000001!!MOLEX_670688011!0.0!0.0!!!
S!PIN!CN1!2!D037C057!TOP!BOTTOM!USB_UP_N!585.8!415.1!!!CIRCLE_DRILL!37.0!37.0!585.8!415.1!0.000!PLATED!k!CIRCLE!50.0!50.0!0.000!CIRCLE!585.8!415.1!72.0!72.0! 00000002!!MOLEX_670688011!0.0!0.0!!!
S!PIN!CN1!3!D037C057!TOP!BOTTOM!USB_UP_P!585.8!336.4!!!CIRCLE_DRILL!37.0!37.0!585.8!336.4!0.000!PLATED!k!CIRCLE!50.0!50.0!0.000!CIRCLE!585.8!336.4!72.0!72.0! 00000003!!MOLEX_670688011!0.0!0.0!!!
S!PIN!CN1!4!D037C057!TOP!BOTTOM!GND!684.2!336.4!!!CIRCLE_DRILL!37.0!37.0!684.2!336.4!0.000!PLATED!k!CIRCLE!50.0!50.0!0.000!CIRCLE!684.2!336.4!72.0!72.0! 00000004!!MOLEX_670688011!0.0!0.0!!!
S!PIN!CN1!5!D091C121!TOP!BOTTOM!GND!398.0!229.7!!!CIRCLE_DRILL!91.0!91.0!398.0!229.7!0.000!PLATED!m!SQUARE!73.0!73.0!0.000!CIRCLE!398.0!229.7!136.0!136.0! 00000005!!MOLEX_670688011!3.0!3.0!!!
S!PIN!CN1!6!D091C121!TOP!BOTTOM!GND!872.0!229.7!!!CIRCLE_DRILL!91.0!91.0!872.0!229.7!0.000!PLATED!m!SQUARE!73.0!73.0!0.000!CIRCLE!872.0!229.7!136.0!136.0! 00000006!!MOLEX_670688011!3.0!3.0!!!
S!PIN!C29!2!100X060SM!TOP!TOP!GND!979.0!698.0!!!!!!!!!!!!!!!FIG_RECTANGLE!979.0!698.0!105.0!65.0! 00000002!!1210C!!!!!
S!PIN!C29!1!100X060SM!TOP!TOP!VDD_3V3!979.0!828.0!!!!!!!!!!!!!!!FIG_RECTANGLE!979.0!828.0!105.0!65.0! 00000001!!1210C!!!!!
S!PIN!C27!2!100X060SM!TOP!TOP!GND!-20.0!615.0!!!!!!!!!!!!!!!FIG_RECTANGLE!-20.0!615.0!105.0!65.0! 00000002!!1210C!!!!!
S!PIN!C27!1!100X060SM!TOP!TOP!VBUS_5V0!-20.0!485.0!!!!!!!!!!!!!!!FIG_RECTANGLE!-20.0!485.0!105.0!65.0! 00000001!!1210C!!!!!
S!PIN!C26!2!100X060SM!TOP!TOP!GND!-10.0!865.0!!!!!!!!!!!!!!!FIG_RECTANGLE!-10.0!865.0!105.0!65.0! 00000002!!1210C!!!!!
S!PIN!C26!1!100X060SM!TOP!TOP!VPORT3_5V0!-10.0!995.0!!!!!!!!!!!!!!!FIG_RECTANGLE!-10.0!995.0!105.0!65.0! 00000001!!1210C!!!!!
S!PIN!C20!2!100X060SM!TOP!TOP!GND!369.0!1502.0!!!!!!!!!!!!!!!FIG_RECTANGLE!369.0!1502.0!105.0!65.0! 00000002!!1210C!!!!!
S!PIN!C20!1!100X060SM!TOP!TOP!VPORT1_5V0!369.0!1632.0!!!!!!!!!!!!!!!FIG_RECTANGLE!369.0!1632.0!105.0!65.0! 00000001!!1210C!!!!!
S!PIN!C19!2!100X060SM!TOP!TOP!GND!15.0!1493.0!!!!!!!!!!!!!!!FIG_RECTANGLE!15.0!1493.0!105.0!65.0! 00000002!!1210C!!!!!
S!PIN!C19!1!100X060SM!TOP!TOP!VPORT2_5V0!15.0!1623.0!!!!!!!!!!!!!!!FIG_RECTANGLE!15.0!1623.0!105.0!65.0! 00000001!!1210C!!!!!
S!PIN!C13!2!046X062SM!TOP!TOP!GND!980.0!1372.0!!!!!!!!!!!!!!!FIG_RECTANGLE!980.0!1372.0!61.0!77.0! 00000002!!1206C!!!!!
S!PIN!C13!1!046X062SM!TOP!TOP!VDDOUT_2V5!1096.0!1372.0!!!!!!!!!!!!!!!FIG_RECTANGLE!1096.0!1372.0!61.0!77.0! 00000001!!1206C!!!!!
S!PIN!C31!2!028X032SM!TOP!TOP!GND!1018.0!582.0!!!!!!!!!!!!!!!FIG_RECTANGLE!1018.0!582.0!32.0!36.0! 00000002!!0603C!!!!!
S!PIN!C31!1!028X032SM!TOP!TOP!VBUS_5V0!1018.0!524.0!!!!!!!!!!!!!!!FIG_RECTANGLE!1018.0!524.0!32.0!36.0! 00000001!!0603C!!!!!
S!PIN!C30!2!028X032SM!TOP!TOP!GND!1257.0!580.0!!!!!!!!!!!!!!!FIG_RECTANGLE!1257.0!580.0!32.0!36.0! 00000002!!0603C!!!!!
S!PIN!C30!1!028X032SM!TOP!TOP!VBUS_5V0!1257.0!522.0!!!!!!!!!!!!!!!FIG_RECTANGLE!1257.0!522.0!32.0!36.0! 00000001!!0603C!!!!!
S!PIN!C15!2!028X032SM!TOP!TOP!AVSS_GND!1138.0!1172.0!!!!!!!!!!!!!!!FIG_RECTANGLE!1138.0!1172.0!32.0!36.0! 00000002!!0603C!!!!!
S!PIN!C15!1!028X032SM!TOP!TOP!AVDD_2V5!1138.0!1230.0!!!!!!!!!!!!!!!FIG_RECTANGLE!1138.0!1230.0!32.0!36.0! 00000001!!0603C!!!!!
S!PIN!C14!2!028X032SM!TOP!TOP!GND!971.0!1301.0!!!!!!!!!!!!!!!FIG_RECTANGLE!971.0!1301.0!36.0!32.0! 00000002!!0603C!!!!!
S!PIN!C14!1!028X032SM!TOP!TOP!VDDOUT_2V5!1029.0!1301.0!!!!!!!!!!!!!!!FIG_RECTANGLE!1029.0!1301.0!36.0!32.0! 00000001!!0603C!!!!!
S!PIN!C7!2!028X032SM!TOP!TOP!GND!529.0!881.0!!!!!!!!!!!!!!!FIG_RECTANGLE!529.0!881.0!36.0!32.0! 00000002!!0603C!!!!!
S!PIN!C7!1!028X032SM!TOP!TOP!VDD_3V3!471.0!881.0!!!!!!!!!!!!!!!FIG_RECTANGLE!471.0!881.0!36.0!32.0! 00000001!!0603C!!!!!
S!PIN!C2!2!028X032SM!TOP!TOP!GND!440.0!969.0!!!!!!!!!!!!!!!FIG_RECTANGLE!440.0!969.0!36.0!32.0! 00000002!!0603C!!!!!
S!PIN!C2!1!028X032SM!TOP!TOP!VBUS_5V0!382.0!969.0!!!!!!!!!!!!!!!FIG_RECTANGLE!382.0!969.0!36.0!32.0! 00000001!!0603C!!!!!
S!PIN!C1!2!021X020SM!TOP!TOP!GND!583.0!880.0!!!!!!!!!!!!!!!FIG_RECTANGLE!583.0!880.0!26.0!25.0! 00000002!!0402C!!!!!
S!PIN!C1!1!021X020SM!TOP!TOP!XTAL1!616.0!880.0!!!!!!!!!!!!!!!FIG_RECTANGLE!616.0!880.0!26.0!25.0! 00000001!!0402C!!!!!
S!PIN!C8!2!021X020SM!TOP!TOP!GND!742.0!1473.0!!!!!!!!!!!!!!!FIG_RECTANGLE!742.0!1473.0!25.0!26.0! 00000002!!0402C!!!!!
S!PIN!C8!1!021X020SM!TOP!TOP!VDD_3V3!742.0!1506.0!!!!!!!!!!!!!!!FIG_RECTANGLE!742.0!1506.0!25.0!26.0! 00000001!!0402C!!!!!
S!PIN!C32!2!021X020SM!TOP!TOP!GND!1302.0!648.0!!!!!!!!!!!!!!!FIG_RECTANGLE!1302.0!648.0!26.0!25.0! 00000002!!0402C!!!!!
S!PIN!C32!1!021X020SM!TOP!TOP!LDO_SS!1335.0!648.0!!!!!!!!!!!!!!!FIG_RECTANGLE!1335.0!648.0!26.0!25.0! 00000001!!0402C!!!!!
S!PIN!C28!2!021X020SM!TOP!TOP!GND!1102.0!797.0!!!!!!!!!!!!!!!FIG_RECTANGLE!1102.0!797.0!26.0!25.0! 00000002!!0402C!!!!!
S!PIN!C28!1!021X020SM!TOP!TOP!VDD_3V3!1069.0!797.0!!!!!!!!!!!!!!!FIG_RECTANGLE!1069.0!797.0!26.0!25.0! 00000001!!0402C!!!!!
S!PIN!C24!2!021X020SM!TOP!TOP!GND!-22.0!750.0!!!!!!!!!!!!!!!FIG_RECTANGLE!-22.0!750.0!26.0!25.0! 00000002!!0402C!!!!!
S!PIN!C24!1!021X020SM!TOP!TOP!VPORT_5V0!-55.0!750.0!!!!!!!!!!!!!!!FIG_RECTANGLE!-55.0!750.0!26.0!25.0! 00000001!!0402C!!!!!
S!PIN!C23!2!021X020SM!TOP!TOP!GND!971.0!1106.0!!!!!!!!!!!!!!!FIG_RECTANGLE!971.0!1106.0!26.0!25.0! 00000002!!0402C!!!!!
S!PIN!C23!1!021X020SM!TOP!TOP!VDDOUT_2V5!1004.0!1106.0!!!!!!!!!!!!!!!FIG_RECTANGLE!1004.0!1106.0!26.0!25.0! 00000001!!0402C!!!!!
S!PIN!C22!2!021X020SM!TOP!TOP!GND!971.0!1248.0!!!!!!!!!!!!!!!FIG_RECTANGLE!971.0!1248.0!26.0!25.0! 00000002!!0402C!!!!!
S!PIN!C22!1!021X020SM!TOP!TOP!VDDOUT_2V5!1004.0!1248.0!!!!!!!!!!!!!!!FIG_RECTANGLE!1004.0!1248.0!26.0!25.0! 00000001!!0402C!!!!!
S!PIN!C21!2!021X020SM!TOP!TOP!GND!837.0!1473.0!!!!!!!!!!!!!!!FIG_RECTANGLE!837.0!1473.0!25.0!26.0! 00000002!!0402C!!!!!
S!PIN!C21!1!021X020SM!TOP!TOP!VDDOUT_2V5!837.0!1506.0!!!!!!!!!!!!!!!FIG_RECTANGLE!837.0!1506.0!25.0!26.0! 00000001!!0402C!!!!!
S!PIN!C18!2!021X020SM!TOP!TOP!GND!216.0!1526.0!!!!!!!!!!!!!!!FIG_RECTANGLE!216.0!1526.0!26.0!25.0! 00000002!!0402C!!!!!
S!PIN!C18!1!021X020SM!TOP!TOP!VPORT_5V0!183.0!1526.0!!!!!!!!!!!!!!!FIG_RECTANGLE!183.0!1526.0!26.0!25.0! 00000001!!0402C!!!!!
S!PIN!C17!2!021X020SM!TOP!TOP!GND!408.0!1315.0!!!!!!!!!!!!!!!FIG_RECTANGLE!408.0!1315.0!26.0!25.0! 00000002!!0402C!!!!!
S!PIN!C17!1!021X020SM!TOP!TOP!SYSRST_L!375.0!1315.0!!!!!!!!!!!!!!!FIG_RECTANGLE!375.0!1315.0!26.0!25.0! 00000001!!0402C!!!!!
S!PIN!C16!2!021X020SM!TOP!TOP!AVSS_GND!1003.0!1153.0!!!!!!!!!!!!!!!FIG_RECTANGLE!1003.0!1153.0!26.0!25.0! 00000002!!0402C!!!!!
S!PIN!C16!1!021X020SM!TOP!TOP!AVDD_2V5!970.0!1153.0!!!!!!!!!!!!!!!FIG_RECTANGLE!970.0!1153.0!26.0!25.0! 00000001!!0402C!!!!!
S!PIN!C11!2!021X020SM!TOP!TOP!GND!118.0!1992.0!!!!!!!!!!!!!!!FIG_RECTANGLE!118.0!1992.0!25.0!26.0! 00000002!!0402C!!!!!
S!PIN!C11!1!021X020SM!TOP!TOP!VFIL3_5V0!118.0!1959.0!!!!!!!!!!!!!!!FIG_RECTANGLE!118.0!1959.0!25.0!26.0! 00000001!!0402C!!!!!
S!PIN!C10!2!021X020SM!TOP!TOP!GND!408.0!1215.0!!!!!!!!!!!!!!!FIG_RECTANGLE!408.0!1215.0!26.0!25.0! 00000002!!0402C!!!!!
S!PIN!C10!1!021X020SM!TOP!TOP!VDD_3V3!375.0!1215.0!!!!!!!!!!!!!!!FIG_RECTANGLE!375.0!1215.0!26.0!25.0! 00000001!!0402C!!!!!
S!PIN!C9!2!021X020SM!TOP!TOP!GND!971.0!1200.0!!!!!!!!!!!!!!!FIG_RECTANGLE!971.0!1200.0!26.0!25.0! 00000002!!0402C!!!!!
S!PIN!C9!1!021X020SM!TOP!TOP!VDD_3V3!1004.0!1200.0!!!!!!!!!!!!!!!FIG_RECTANGLE!1004.0!1200.0!26.0!25.0! 00000001!!0402C!!!!!
S!PIN!C6!2!021X020SM!TOP!TOP!GND!494.0!1981.0!!!!!!!!!!!!!!!FIG_RECTANGLE!494.0!1981.0!25.0!26.0! 00000002!!0402C!!!!!
S!PIN!C6!1!021X020SM!TOP!TOP!VFIL2_5V0!494.0!1948.0!!!!!!!!!!!!!!!FIG_RECTANGLE!494.0!1948.0!25.0!26.0! 00000001!!0402C!!!!!
S!PIN!C5!2!021X020SM!TOP!TOP!GND!908.0!1977.0!!!!!!!!!!!!!!!FIG_RECTANGLE!908.0!1977.0!25.0!26.0! 00000002!!0402C!!!!!
S!PIN!C5!1!021X020SM!TOP!TOP!VFIL1_5V0!908.0!1944.0!!!!!!!!!!!!!!!FIG_RECTANGLE!908.0!1944.0!25.0!26.0! 00000001!!0402C!!!!!
S!PIN!C4!2!021X020SM!TOP!TOP!GND!708.0!880.0!!!!!!!!!!!!!!!FIG_RECTANGLE!708.0!880.0!26.0!25.0! 00000002!!0402C!!!!!
S!PIN!C4!1!021X020SM!TOP!TOP!XTAL2_R!741.0!880.0!!!!!!!!!!!!!!!FIG_RECTANGLE!741.0!880.0!26.0!25.0! 00000001!!0402C!!!!!
S!PIN!C3!2!021X020SM!TOP!TOP!GND!415.0!1019.0!!!!!!!!!!!!!!!FIG_RECTANGLE!415.0!1019.0!26.0!25.0! 00000002!!0402C!!!!!
S!PIN!C3!1!021X020SM!TOP!TOP!VBUS_5V0!382.0!1019.0!!!!!!!!!!!!!!!FIG_RECTANGLE!382.0!1019.0!26.0!25.0! 00000001!!0402C!!!!!
S!PIN!CN4!1!D092S!TOP!BOTTOM!VFIL3_5V0!135.0!2367.6!!!CIRCLE_DRILL!36.2!36.2!135.0!2367.6!0.000!PLATED!M!CROSS!36.2!36.2!0.000!FIG_RECTANGLE!135.0!2367.6!67.7!67.7! 00000001!!MOLEX_672983091!0.0!0.0!!!
S!PIN!CN4!2!D092C!TOP!BOTTOM!USB_D3_N!135.0!2288.9!!!CIRCLE_DRILL!36.2!36.2!135.0!2288.9!0.000!PLATED!M!CROSS!36.2!36.2!0.000!CIRCLE!135.0!2288.9!67.7!67.7! 00000002!!MOLEX_672983091!0.0!0.0!!!
S!PIN!CN4!3!D092C!TOP!BOTTOM!USB_D3_P!135.0!2210.1!!!CIRCLE_DRILL!36.2!36.2!135.0!2210.1!0.000!PLATED!M!CROSS!36.2!36.2!0.000!CIRCLE!135.0!2210.1!67.7!67.7! 00000003!!MOLEX_672983091!0.0!0.0!!!
S!PIN!CN4!4!D092C!TOP!BOTTOM!GND!135.0!2131.4!!!CIRCLE_DRILL!36.2!36.2!135.0!2131.4!0.000!PLATED!M!CROSS!36.2!36.2!0.000!CIRCLE!135.0!2131.4!67.7!67.7! 00000004!!MOLEX_672983091!0.0!0.0!!!
S!PIN!CN4!5!NP1_35C!TOP!BOTTOM!CHASSIS_GND!27.3!2396.4!!!CIRCLE_DRILL!53.1!53.1!27.3!2396.4!0.000!PLATED!NP!CROSS!53.1!53.1!0.000!CIRCLE!27.3!2396.4!84.6!84.6! 00000005!!MOLEX_672983091!0.0!0.0!!!
S!PIN!CN4!6!NP1_35C!TOP!BOTTOM!CHASSIS_GND!242.7!2396.4!!!CIRCLE_DRILL!53.1!53.1!242.7!2396.4!0.000!PLATED!NP!CROSS!53.1!53.1!0.000!CIRCLE!242.7!2396.4!84.6!84.6! 00000006!!MOLEX_672983091!0.0!0.0!!!
S!PIN!CN4!7!NP1_35C!TOP!BOTTOM!CHASSIS_GND!27.3!2120.8!!!CIRCLE_DRILL!53.1!53.1!27.3!2120.8!0.000!PLATED!NP!CROSS!53.1!53.1!0.000!CIRCLE!27.3!2120.8!84.6!84.6! 00000007!!MOLEX_672983091!0.0!0.0!!!
S!PIN!CN4!8!NP1_35C!TOP!BOTTOM!CHASSIS_GND!242.7!2120.8!!!CIRCLE_DRILL!53.1!53.1!242.7!2120.8!0.000!PLATED!NP!CROSS!53.1!53.1!0.000!CIRCLE!242.7!2120.8!84.6!84.6! 00000008!!MOLEX_672983091!0.0!0.0!!!
S!PIN!CN3!1!D092S!TOP!BOTTOM!VFIL2_5V0!535.0!2367.6!!!CIRCLE_DRILL!36.2!36.2!535.0!2367.6!0.000!PLATED!M!CROSS!36.2!36.2!0.000!FIG_RECTANGLE!535.0!2367.6!67.7!67.7! 00000001!!MOLEX_672983091!0.0!0.0!!!
S!PIN!CN3!2!D092C!TOP!BOTTOM!USB_D2_N!535.0!2288.9!!!CIRCLE_DRILL!36.2!36.2!535.0!2288.9!0.000!PLATED!M!CROSS!36.2!36.2!0.000!CIRCLE!535.0!2288.9!67.7!67.7! 00000002!!MOLEX_672983091!0.0!0.0!!!
S!PIN!CN3!3!D092C!TOP!BOTTOM!USB_D2_P!535.0!2210.1!!!CIRCLE_DRILL!36.2!36.2!535.0!2210.1!0.000!PLATED!M!CROSS!36.2!36.2!0.000!CIRCLE!535.0!2210.1!67.7!67.7! 00000003!!MOLEX_672983091!0.0!0.0!!!
S!PIN!CN3!4!D092C!TOP!BOTTOM!GND!535.0!2131.4!!!CIRCLE_DRILL!36.2!36.2!535.0!2131.4!0.000!PLATED!M!CROSS!36.2!36.2!0.000!CIRCLE!535.0!2131.4!67.7!67.7! 00000004!!MOLEX_672983091!0.0!0.0!!!
S!PIN!CN3!5!NP1_35C!TOP!BOTTOM!CHASSIS_GND!427.3!2396.4!!!CIRCLE_DRILL!53.1!53.1!427.3!2396.4!0.000!PLATED!NP!CROSS!53.1!53.1!0.000!CIRCLE!427.3!2396.4!84.6!84.6! 00000005!!MOLEX_672983091!0.0!0.0!!!
S!PIN!CN3!6!NP1_35C!TOP!BOTTOM!CHASSIS_GND!642.7!2396.4!!!CIRCLE_DRILL!53.1!53.1!642.7!2396.4!0.000!PLATED!NP!CROSS!53.1!53.1!0.000!CIRCLE!642.7!2396.4!84.6!84.6! 00000006!!MOLEX_672983091!0.0!0.0!!!
S!PIN!CN3!7!NP1_35C!TOP!BOTTOM!CHASSIS_GND!427.3!2120.8!!!CIRCLE_DRILL!53.1!53.1!427.3!2120.8!0.000!PLATED!NP!CROSS!53.1!53.1!0.000!CIRCLE!427.3!2120.8!84.6!84.6! 00000007!!MOLEX_672983091!0.0!0.0!!!
S!PIN!CN3!8!NP1_35C!TOP!BOTTOM!CHASSIS_GND!642.7!2120.8!!!CIRCLE_DRILL!53.1!53.1!642.7!2120.8!0.000!PLATED!NP!CROSS!53.1!53.1!0.000!CIRCLE!642.7!2120.8!84.6!84.6! 00000008!!MOLEX_672983091!0.0!0.0!!!
S!PIN!CN2!1!D092S!TOP!BOTTOM!VFIL1_5V0!935.0!2367.6!!!CIRCLE_DRILL!36.2!36.2!935.0!2367.6!0.000!PLATED!M!CROSS!36.2!36.2!0.000!FIG_RECTANGLE!935.0!2367.6!67.7!67.7! 00000001!!MOLEX_672983091!0.0!0.0!!!
S!PIN!CN2!2!D092C!TOP!BOTTOM!USB_D1_N!935.0!2288.9!!!CIRCLE_DRILL!36.2!36.2!935.0!2288.9!0.000!PLATED!M!CROSS!36.2!36.2!0.000!CIRCLE!935.0!2288.9!67.7!67.7! 00000002!!MOLEX_672983091!0.0!0.0!!!
S!PIN!CN2!3!D092C!TOP!BOTTOM!USB_D1_P!935.0!2210.1!!!CIRCLE_DRILL!36.2!36.2!935.0!2210.1!0.000!PLATED!M!CROSS!36.2!36.2!0.000!CIRCLE!935.0!2210.1!67.7!67.7! 00000003!!MOLEX_672983091!0.0!0.0!!!
S!PIN!CN2!4!D092C!TOP!BOTTOM!GND!935.0!2131.4!!!CIRCLE_DRILL!36.2!36.2!935.0!2131.4!0.000!PLATED!M!CROSS!36.2!36.2!0.000!CIRCLE!935.0!2131.4!67.7!67.7! 00000004!!MOLEX_672983091!0.0!0.0!!!
S!PIN!CN2!5!NP1_35C!TOP!BOTTOM!CHASSIS_GND!827.3!2396.4!!!CIRCLE_DRILL!53.1!53.1!827.3!2396.4!0.000!PLATED!NP!CROSS!53.1!53.1!0.000!CIRCLE!827.3!2396.4!84.6!84.6! 00000005!!MOLEX_672983091!0.0!0.0!!!
S!PIN!CN2!6!NP1_35C!TOP!BOTTOM!CHASSIS_GND!1042.7!2396.4!!!CIRCLE_DRILL!53.1!53.1!1042.7!2396.4!0.000!PLATED!NP!CROSS!53.1!53.1!0.000!CIRCLE!1042.7!2396.4!84.6!84.6! 00000006!!MOLEX_672983091!0.0!0.0!!!
S!PIN!CN2!7!NP1_35C!TOP!BOTTOM!CHASSIS_GND!827.3!2120.8!!!CIRCLE_DRILL!53.1!53.1!827.3!2120.8!0.000!PLATED!NP!CROSS!53.1!53.1!0.000!CIRCLE!827.3!2120.8!84.6!84.6! 00000007!!MOLEX_672983091!0.0!0.0!!!
S!PIN!CN2!8!NP1_35C!TOP!BOTTOM!CHASSIS_GND!1042.7!2120.8!!!CIRCLE_DRILL!53.1!53.1!1042.7!2120.8!0.000!PLATED!NP!CROSS!53.1!53.1!0.000!CIRCLE!1042.7!2120.8!84.6!84.6! 00000008!!MOLEX_672983091!0.0!0.0!!!
S!VIA CLASS!!!VIA_D012024!TOP!BOTTOM!GND!!!170.0!2025.0!CIRCLE_DRILL!12.0!12.0!170.0!2025.0!0.000!PLATED!via!CIRCLE!50.0!50.0!0.000!FIG_RECTANGLE!170.0!2025.0!196.8!196.8!!!!0.0!0.0!!!
S!VIA CLASS!!!VIA_D012024!TOP!BOTTOM!GND!!!583.0!917.0!CIRCLE_DRILL!12.0!12.0!583.0!917.0!0.000!PLATED!via!CIRCLE!50.0!50.0!0.000!FIG_RECTANGLE!583.0!917.0!196.8!196.8!!!!0.0!0.0!!!
S!VIA CLASS!!!VIA_D012024!TOP!BOTTOM!GND!!!1257.0!618.0!CIRCLE_DRILL!12.0!12.0!1257.0!618.0!0.000!PLATED!via!CIRCLE!50.0!50.0!0.000!FIG_RECTANGLE!1257.0!618.0!196.8!196.8!!!!0.0!0.0!!!
S!VIA CLASS!!!VIA_D012024!TOP!BOTTOM!GND!!!935.0!1455.0!CIRCLE_DRILL!12.0!12.0!935.0!1455.0!0.000!PLATED!via!CIRCLE!50.0!50.0!0.000!FIG_RECTANGLE!935.0!1455.0!196.8!196.8!!!!0.0!0.0!!!
S!VIA CLASS!!!VIA_D012024!TOP!BOTTOM!GND!!!513.0!1432.0!CIRCLE_DRILL!12.0!12.0!513.0!1432.0!0.000!PLATED!via!CIRCLE!50.0!50.0!0.000!FIG_RECTANGLE!513.0!1432.0!196.8!196.8!!!!0.0!0.0!!!
S!VIA CLASS!!!VIA_D012024!TOP!BOTTOM!GND!!!608.0!1432.0!CIRCLE_DRILL!12.0!12.0!608.0!1432.0!0.000!PLATED!via!CIRCLE!50.0!50.0!0.000!FIG_RECTANGLE!608.0!1432.0!196.8!196.8!!!!0.0!0.0!!!
S!VIA CLASS!!!VIA_D012024!TOP!BOTTOM!GND!!!933.0!963.0!CIRCLE_DRILL!12.0!12.0!933.0!963.0!0.000!PLATED!via!CIRCLE!50.0!50.0!0.000!FIG_RECTANGLE!933.0!963.0!196.8!196.8!!!!0.0!0.0!!!
S!VIA CLASS!!!VIA_D012024!TOP!BOTTOM!GND!!!931.0!1059.0!CIRCLE_DRILL!12.0!12.0!931.0!1059.0!0.000!PLATED!via!CIRCLE!50.0!50.0!0.000!FIG_RECTANGLE!931.0!1059.0!196.8!196.8!!!!0.0!0.0!!!
S!VIA CLASS!!!VIA_D012024!TOP!BOTTOM!GND!!!837.0!1433.0!CIRCLE_DRILL!12.0!12.0!837.0!1433.0!0.000!PLATED!via!CIRCLE!50.0!50.0!0.000!FIG_RECTANGLE!837.0!1433.0!196.8!196.8!!!!0.0!0.0!!!
S!VIA CLASS!!!VIA_D012024!TOP!BOTTOM!GND!!!934.0!1106.0!CIRCLE_DRILL!12.0!12.0!934.0!1106.0!0.000!PLATED!via!CIRCLE!50.0!50.0!0.000!FIG_RECTANGLE!934.0!1106.0!196.8!196.8!!!!0.0!0.0!!!
S!VIA CLASS!!!VIA_D012024!TOP!BOTTOM!GND!!!932.0!1248.0!CIRCLE_DRILL!12.0!12.0!932.0!1248.0!0.000!PLATED!via!CIRCLE!50.0!50.0!0.000!FIG_RECTANGLE!932.0!1248.0!196.8!196.8!!!!0.0!0.0!!!
S!VIA CLASS!!!VIA_D012024!TOP!BOTTOM!GND!!!742.0!1433.0!CIRCLE_DRILL!12.0!12.0!742.0!1433.0!0.000!PLATED!via!CIRCLE!50.0!50.0!0.000!FIG_RECTANGLE!742.0!1433.0!196.8!196.8!!!!0.0!0.0!!!
S!VIA CLASS!!!VIA_D012024!TOP!BOTTOM!GND!!!440.0!1215.0!CIRCLE_DRILL!12.0!12.0!440.0!1215.0!0.000!PLATED!via!CIRCLE!50.0!50.0!0.000!FIG_RECTANGLE!440.0!1215.0!196.8!196.8!!!!0.0!0.0!!!
S!VIA CLASS!!!VIA_D012024!TOP!BOTTOM!GND!!!930.0!1200.0!CIRCLE_DRILL!12.0!12.0!930.0!1200.0!0.000!PLATED!via!CIRCLE!50.0!50.0!0.000!FIG_RECTANGLE!930.0!1200.0!196.8!196.8!!!!0.0!0.0!!!
S!VIA CLASS!!!VIA_D012024!TOP!BOTTOM!GND!!!529.0!924.0!CIRCLE_DRILL!12.0!12.0!529.0!924.0!0.000!PLATED!via!CIRCLE!50.0!50.0!0.000!FIG_RECTANGLE!529.0!924.0!196.8!196.8!!!!0.0!0.0!!!
S!VIA CLASS!!!VIA_D012024!TOP!BOTTOM!GND!!!87.0!1493.0!CIRCLE_DRILL!12.0!12.0!87.0!1493.0!0.000!PLATED!via!CIRCLE!50.0!50.0!0.000!FIG_RECTANGLE!87.0!1493.0!196.8!196.8!!!!0.0!0.0!!!
S!VIA CLASS!!!VIA_D012024!TOP!BOTTOM!GND!!!15.0!1435.0!CIRCLE_DRILL!12.0!12.0!15.0!1435.0!0.000!PLATED!via!CIRCLE!50.0!50.0!0.000!FIG_RECTANGLE!15.0!1435.0!196.8!196.8!!!!0.0!0.0!!!
S!VIA CLASS!!!VIA_D012024!TOP!BOTTOM!GND!!!-57.0!1493.0!CIRCLE_DRILL!12.0!12.0!-57.0!1493.0!0.000!PLATED!via!CIRCLE!50.0!50.0!0.000!FIG_RECTANGLE!-57.0!1493.0!196.8!196.8!!!!0.0!0.0!!!
S!VIA CLASS!!!VIA_D012024!TOP!BOTTOM!GND!!!-10.0!810.0!CIRCLE_DRILL!12.0!12.0!-10.0!810.0!0.000!PLATED!via!CIRCLE!50.0!50.0!0.000!FIG_RECTANGLE!-10.0!810.0!196.8!196.8!!!!0.0!0.0!!!
S!VIA CLASS!!!VIA_D012024!TOP!BOTTOM!GND!!!65.0!865.0!CIRCLE_DRILL!12.0!12.0!65.0!865.0!0.000!PLATED!via!CIRCLE!50.0!50.0!0.000!FIG_RECTANGLE!65.0!865.0!196.8!196.8!!!!0.0!0.0!!!
S!VIA CLASS!!!VIA_D012024!TOP!BOTTOM!GND!!!-90.0!865.0!CIRCLE_DRILL!12.0!12.0!-90.0!865.0!0.000!PLATED!via!CIRCLE!50.0!50.0!0.000!FIG_RECTANGLE!-90.0!865.0!196.8!196.8!!!!0.0!0.0!!!
S!VIA CLASS!!!VIA_D012024!TOP!BOTTOM!GND!!!675.0!880.0!CIRCLE_DRILL!12.0!12.0!675.0!880.0!0.000!PLATED!via!CIRCLE!50.0!50.0!0.000!FIG_RECTANGLE!675.0!880.0!196.8!196.8!!!!0.0!0.0!!!
S!VIA CLASS!!!VIA_D012024!TOP!BOTTOM!GND!!!1018.0!618.0!CIRCLE_DRILL!12.0!12.0!1018.0!618.0!0.000!PLATED!via!CIRCLE!50.0!50.0!0.000!FIG_RECTANGLE!1018.0!618.0!196.8!196.8!!!!0.0!0.0!!!
S!VIA CLASS!!!VIA_D012024!TOP!BOTTOM!GND!!!1272.0!648.0!CIRCLE_DRILL!12.0!12.0!1272.0!648.0!0.000!PLATED!via!CIRCLE!50.0!50.0!0.000!FIG_RECTANGLE!1272.0!648.0!196.8!196.8!!!!0.0!0.0!!!
S!VIA CLASS!!!VIA_D012024!TOP!BOTTOM!GND!!!369.0!1441.0!CIRCLE_DRILL!12.0!12.0!369.0!1441.0!0.000!PLATED!via!CIRCLE!50.0!50.0!0.000!FIG_RECTANGLE!369.0!1441.0!196.8!196.8!!!!0.0!0.0!!!
S!VIA CLASS!!!VIA_D012024!TOP!BOTTOM!GND!!!448.0!1502.0!CIRCLE_DRILL!12.0!12.0!448.0!1502.0!0.000!PLATED!via!CIRCLE!50.0!50.0!0.000!FIG_RECTANGLE!448.0!1502.0!196.8!196.8!!!!0.0!0.0!!!
S!VIA CLASS!!!VIA_D012024!TOP!BOTTOM!GND!!!292.0!1502.0!CIRCLE_DRILL!12.0!12.0!292.0!1502.0!0.000!PLATED!via!CIRCLE!50.0!50.0!0.000!FIG_RECTANGLE!292.0!1502.0!196.8!196.8!!!!0.0!0.0!!!
S!VIA CLASS!!!VIA_D012024!TOP!BOTTOM!GND!!!451.0!1019.0!CIRCLE_DRILL!12.0!12.0!451.0!1019.0!0.000!PLATED!via!CIRCLE!50.0!50.0!0.000!FIG_RECTANGLE!451.0!1019.0!196.8!196.8!!!!0.0!0.0!!!
S!VIA CLASS!!!VIA_D012024!TOP!BOTTOM!GND!!!479.0!969.0!CIRCLE_DRILL!12.0!12.0!479.0!969.0!0.000!PLATED!via!CIRCLE!50.0!50.0!0.000!FIG_RECTANGLE!479.0!969.0!196.8!196.8!!!!0.0!0.0!!!
S!VIA CLASS!!!VIA_D012024!TOP!BOTTOM!GND!!!935.0!2095.0!CIRCLE_DRILL!12.0!12.0!935.0!2095.0!0.000!PLATED!via!CIRCLE!50.0!50.0!0.000!FIG_RECTANGLE!935.0!2095.0!196.8!196.8!!!!0.0!0.0!!!
S!VIA CLASS!!!VIA_D012024!TOP!BOTTOM!GND!!!440.0!1315.0!CIRCLE_DRILL!12.0!12.0!440.0!1315.0!0.000!PLATED!via!CIRCLE!50.0!50.0!0.000!FIG_RECTANGLE!440.0!1315.0!196.8!196.8!!!!0.0!0.0!!!
S!VIA CLASS!!!VIA_D012024!TOP!BOTTOM!GND!!!560.0!1380.0!CIRCLE_DRILL!12.0!12.0!560.0!1380.0!0.000!PLATED!via!CIRCLE!50.0!50.0!0.000!FIG_RECTANGLE!560.0!1380.0!196.8!196.8!!!!0.0!0.0!!!
S!VIA CLASS!!!VIA_D012024!TOP!BOTTOM!GND!!!1102.0!763.0!CIRCLE_DRILL!12.0!12.0!1102.0!763.0!0.000!PLATED!via!CIRCLE!50.0!50.0!0.000!FIG_RECTANGLE!1102.0!763.0!196.8!196.8!!!!0.0!0.0!!!
S!VIA CLASS!!!VIA_D012024!TOP!BOTTOM!GND!!!1174.8!740.0!CIRCLE_DRILL!12.0!12.0!1174.8!740.0!0.000!PLATED!via!CIRCLE!50.0!50.0!0.000!FIG_RECTANGLE!1174.8!740.0!196.8!196.8!!!!0.0!0.0!!!
S!VIA CLASS!!!VIA_D012024!TOP!BOTTOM!GND!!!118.0!2025.0!CIRCLE_DRILL!12.0!12.0!118.0!2025.0!0.000!PLATED!via!CIRCLE!50.0!50.0!0.000!FIG_RECTANGLE!118.0!2025.0!196.8!196.8!!!!0.0!0.0!!!
S!VIA CLASS!!!VIA_D012024!TOP!BOTTOM!GND!!!220.0!1487.0!CIRCLE_DRILL!12.0!12.0!220.0!1487.0!0.000!PLATED!via!CIRCLE!50.0!50.0!0.000!FIG_RECTANGLE!220.0!1487.0!196.8!196.8!!!!0.0!0.0!!!
S!VIA CLASS!!!VIA_D012024!TOP!BOTTOM!GND!!!66.0!776.0!CIRCLE_DRILL!12.0!12.0!66.0!776.0!0.000!PLATED!via!CIRCLE!50.0!50.0!0.000!FIG_RECTANGLE!66.0!776.0!196.8!196.8!!!!0.0!0.0!!!
S!VIA CLASS!!!VIA_D012024!TOP!BOTTOM!GND!!!251.0!1526.0!CIRCLE_DRILL!12.0!12.0!251.0!1526.0!0.000!PLATED!via!CIRCLE!50.0!50.0!0.000!FIG_RECTANGLE!251.0!1526.0!196.8!196.8!!!!0.0!0.0!!!
S!VIA CLASS!!!VIA_D012024!TOP!BOTTOM!GND!!!15.0!750.0!CIRCLE_DRILL!12.0!12.0!15.0!750.0!0.000!PLATED!via!CIRCLE!50.0!50.0!0.000!FIG_RECTANGLE!15.0!750.0!196.8!196.8!!!!0.0!0.0!!!
S!VIA CLASS!!!VIA_D012024!TOP!BOTTOM!GND!!!494.0!2015.0!CIRCLE_DRILL!12.0!12.0!494.0!2015.0!0.000!PLATED!via!CIRCLE!50.0!50.0!0.000!FIG_RECTANGLE!494.0!2015.0!196.8!196.8!!!!0.0!0.0!!!
S!VIA CLASS!!!VIA_D012024!TOP!BOTTOM!GND!!!908.0!2014.0!CIRCLE_DRILL!12.0!12.0!908.0!2014.0!0.000!PLATED!via!CIRCLE!50.0!50.0!0.000!FIG_RECTANGLE!908.0!2014.0!196.8!196.8!!!!0.0!0.0!!!
S!VIA CLASS!!!VIA_D012024!TOP!BOTTOM!GND!!!931.0!1301.0!CIRCLE_DRILL!12.0!12.0!931.0!1301.0!0.000!PLATED!via!CIRCLE!50.0!50.0!0.000!FIG_RECTANGLE!931.0!1301.0!196.8!196.8!!!!0.0!0.0!!!
S!VIA CLASS!!!VIA_D012024!TOP!BOTTOM!GND!!!932.0!1372.0!CIRCLE_DRILL!12.0!12.0!932.0!1372.0!0.000!PLATED!via!CIRCLE!50.0!50.0!0.000!FIG_RECTANGLE!932.0!1372.0!196.8!196.8!!!!0.0!0.0!!!
S!VIA CLASS!!!VIA_D012024!TOP!BOTTOM!GND!!!579.7!985.3!CIRCLE_DRILL!12.0!12.0!579.7!985.3!0.000!PLATED!via!CIRCLE!50.0!50.0!0.000!FIG_RECTANGLE!579.7!985.3!196.8!196.8!!!!0.0!0.0!!!
S!VIA CLASS!!!VIA_D012024!TOP!BOTTOM!GND!!!463.0!1067.0!CIRCLE_DRILL!12.0!12.0!463.0!1067.0!0.000!PLATED!via!CIRCLE!50.0!50.0!0.000!FIG_RECTANGLE!463.0!1067.0!196.8!196.8!!!!0.0!0.0!!!
S!VIA CLASS!!!VIA_D012024!TOP!BOTTOM!GND!!!-20.0!670.0!CIRCLE_DRILL!12.0!12.0!-20.0!670.0!0.000!PLATED!via!CIRCLE!50.0!50.0!0.000!FIG_RECTANGLE!-20.0!670.0!196.8!196.8!!!!0.0!0.0!!!
S!VIA CLASS!!!VIA_D012024!TOP!BOTTOM!GND!!!55.0!615.0!CIRCLE_DRILL!12.0!12.0!55.0!615.0!0.000!PLATED!via!CIRCLE!50.0!50.0!0.000!FIG_RECTANGLE!55.0!615.0!196.8!196.8!!!!0.0!0.0!!!
S!VIA CLASS!!!VIA_D012024!TOP!BOTTOM!GND!!!-90.0!615.0!CIRCLE_DRILL!12.0!12.0!-90.0!615.0!0.000!PLATED!via!CIRCLE!50.0!50.0!0.000!FIG_RECTANGLE!-90.0!615.0!196.8!196.8!!!!0.0!0.0!!!
S!VIA CLASS!!!VIA_D012024!TOP!BOTTOM!GND!!!979.0!639.0!CIRCLE_DRILL!12.0!12.0!979.0!639.0!0.000!PLATED!via!CIRCLE!50.0!50.0!0.000!FIG_RECTANGLE!979.0!639.0!196.8!196.8!!!!0.0!0.0!!!
S!VIA CLASS!!!VIA_D012024!TOP!BOTTOM!GND!!!897.0!698.0!CIRCLE_DRILL!12.0!12.0!897.0!698.0!0.000!PLATED!via!CIRCLE!50.0!50.0!0.000!FIG_RECTANGLE!897.0!698.0!196.8!196.8!!!!0.0!0.0!!!
S!VIA CLASS!!!VIA_D012024!TOP!BOTTOM!GND!!!1250.0!760.0!CIRCLE_DRILL!12.0!12.0!1250.0!760.0!0.000!PLATED!via!CIRCLE!50.0!50.0!0.000!FIG_RECTANGLE!1250.0!760.0!196.8!196.8!!!!0.0!0.0!!!
S!VIA CLASS!!!VIA_D012024!TOP!BOTTOM!GND!!!535.0!2090.0!CIRCLE_DRILL!12.0!12.0!535.0!2090.0!0.000!PLATED!via!CIRCLE!50.0!50.0!0.000!FIG_RECTANGLE!535.0!2090.0!196.8!196.8!!!!0.0!0.0!!!
S!VIA CLASS!!!VIA_D012024!TOP!BOTTOM!GND!!!135.0!2080.0!CIRCLE_DRILL!12.0!12.0!135.0!2080.0!0.000!PLATED!via!CIRCLE!50.0!50.0!0.000!FIG_RECTANGLE!135.0!2080.0!196.8!196.8!!!!0.0!0.0!!!
S!VIA CLASS!!!VIA_D012024!TOP!BOTTOM!GND!!!960.0!2014.0!CIRCLE_DRILL!12.0!12.0!960.0!2014.0!0.000!PLATED!via!CIRCLE!50.0!50.0!0.000!FIG_RECTANGLE!960.0!2014.0!196.8!196.8!!!!0.0!0.0!!!
S!VIA CLASS!!!VIA_D012024!TOP!BOTTOM!GND!!!547.0!2015.0!CIRCLE_DRILL!12.0!12.0!547.0!2015.0!0.000!PLATED!via!CIRCLE!50.0!50.0!0.000!FIG_RECTANGLE!547.0!2015.0!196.8!196.8!!!!0.0!0.0!!!
S!VIA CLASS!!!VIA_D012024!TOP!BOTTOM!GND!!!1269.0!744.0!CIRCLE_DRILL!12.0!12.0!1269.0!744.0!0.000!PLATED!via!CIRCLE!50.0!50.0!0.000!FIG_RECTANGLE!1269.0!744.0!196.8!196.8!!!!0.0!0.0!!!
S!VIA CLASS!!!VIA_D012024!TOP!BOTTOM!GND!!!1270.0!698.0!CIRCLE_DRILL!12.0!12.0!1270.0!698.0!0.000!PLATED!via!CIRCLE!50.0!50.0!0.000!FIG_RECTANGLE!1270.0!698.0!196.8!196.8!!!!0.0!0.0!!!
S!VIA CLASS!!!VIA_D012024!TOP!BOTTOM!GND!!!1156.0!761.0!CIRCLE_DRILL!12.0!12.0!1156.0!761.0!0.000!PLATED!via!CIRCLE!50.0!50.0!0.000!FIG_RECTANGLE!1156.0!761.0!196.8!196.8!!!!0.0!0.0!!!
S!VIA CLASS!!!VIA_D012024!TOP!BOTTOM!GND!!!1204.0!760.0!CIRCLE_DRILL!12.0!12.0!1204.0!760.0!0.000!PLATED!via!CIRCLE!50.0!50.0!0.000!FIG_RECTANGLE!1204.0!760.0!196.8!196.8!!!!0.0!0.0!!!
