A!REFDES!PART_NUMBER!VOLTAGE!PART_NAME!VALUE!
J!F:/PCB_class/Send_to_Students/Exercise1_Cloudshield_600-0129-001/Fabnote+Logo/USB_HUNB3_5Sep18.brd!Wed Oct 17 22:01:52 2018!-21969.2!-30061.9!28030.8!19938.1!0.1!mils!TNSP_USBHUB3!63.300000 mil!4!UP TO DATE!
S!C1!!50V!C_12PF_0402_50V_5P_1500-1206!12pF!
S!C4!!50V!C_12PF_0402_50V_5P_1500-1206!12pF!
S!C10!!6.3V!C_1UF_0402_6V3_10P_1500-1146!1uF!
S!C11!!6.3V!C_1UF_0402_6V3_10P_1500-1146!1uF!
S!C16!!6.3V!C_1UF_0402_6V3_10P_1500-1146!1uF!
S!C17!!6.3V!C_1UF_0402_6V3_10P_1500-1146!1uF!
S!C18!!6.3V!C_1UF_0402_6V3_10P_1500-1146!1uF!
S!C24!!6.3V!C_1UF_0402_6V3_10P_1500-1146!1uF!
S!C28!!6.3V!C_1UF_0402_6V3_10P_1500-1146!1uF!
S!C3!!6.3V!C_1UF_0402_6V3_10P_1500-1146!1uF!
S!C5!!6.3V!C_1UF_0402_6V3_10P_1500-1146!1uF!
S!C6!!6.3V!C_1UF_0402_6V3_10P_1500-1146!1uF!
S!C8!!6.3V!C_1UF_0402_6V3_10P_1500-1146!1uF!
S!C9!!6.3V!C_1UF_0402_6V3_10P_1500-1146!1uF!
S!C13!!6.3V!C_22UF_1206_6V3_10P_1500-1097!22uF!
S!C14!!6.3V!C_4U7F_0603_6V3_15P_1500-1207!4.7uF!
S!C15!!6.3V!C_4U7F_0603_6V3_15P_1500-1207!4.7uF!
S!C19!!6.3V!C_100UF_1210_6V3_20P_1500-1194!100uF!
S!C20!!6.3V!C_100UF_1210_6V3_20P_1500-1194!100uF!
S!C26!!6.3V!C_100UF_1210_6V3_20P_1500-1194!100uF!
S!C27!!6.3V!C_100UF_1210_6V3_20P_1500-1194!100uF!
S!C29!!6.3V!C_100UF_1210_6V3_20P_1500-1194!100uF!
S!C2!!6.3V!C_10UF_0603_6V3_20P_1500-1141!10uF!
S!C30!!6.3V!C_10UF_0603_6V3_20P_1500-1141!10uF!
S!C31!!6.3V!C_10UF_0603_6V3_20P_1500-1141!10uF!
S!C7!!6.3V!C_10UF_0603_6V3_20P_1500-1141!10uF!
S!C21!!16V!C_0U1F_0402_16V_10P_1500-1135!0.1uF!
S!C22!!16V!C_0U1F_0402_16V_10P_1500-1135!0.1uF!
S!C23!!16V!C_0U1F_0402_16V_10P_1500-1135!0.1uF!
S!C32!!!C_0402_16V_20P_X7R_1n0F!DNL_1n0F!
S!CN1!!!3000-1393_USB_B_RECP!USB_B_RECP!
S!CN2!!!3000-1394_USB_A_VERT_RECP!USB_A_VERT_RECP!
S!CN3!!!3000-1394_USB_A_VERT_RECP!USB_A_VERT_RECP!
S!CN4!!!3000-1394_USB_A_VERT_RECP!USB_A_VERT_RECP!
S!D1!!!LED_0603_GRN_3100-1045!LED_GRN_0603!
S!D2!!!LED_0603_GRN_3100-1045!LED_GRN_0603!
S!D3!!!LED_0603_GRN_3100-1045!LED_GRN_0603!
S!D4!!!LED_0603_GRN_3100-1045!LED_GRN_0603!
S!D5!!!LED_0603_GRN_3100-1045!LED_GRN_0603!
S!D6!!!LED_0603_GRN_3100-1045!LED_GRN_0603!
S!F1!!!FUSE_2A_125V_NANO_2300-1027!2A_125V!
S!FB1!!!FB_0603_60OHM_1A_2100-1019!60OHM_100MHZ_1A!
S!FB2!!!FB_0603_60OHM_1A_2100-1019!60OHM_100MHZ_1A!
S!FB4!!!FB_0603_60OHM_1A_2100-1019!60OHM_100MHZ_1A!
S!FB5!!!FB_0603_60OHM_1A_2100-1019!60OHM_100MHZ_1A!
S!FB6!!!FB_0603_60OHM_1A_2100-1019!60OHM_100MHZ_1A!
S!FB7!!!FB_0603_60OHM_1A_2100-1019!60OHM_100MHZ_1A!
S!FB8!!!FB_0603_60OHM_1A_2100-1019!60OHM_100MHZ_1A!
S!FB9!!!FB_0603_60OHM_1A_2100-1019!60OHM_100MHZ_1A!
S!MH1!!!MH_129x220_PTH!DNL!
S!MH2!!!MH_129x220_PTH!DNL!
S!MH3!!!MH_129x220_PTH!DNL!
S!MH4!!!MH_129x220_PTH!DNL!
S!R1!!!R_33R2_0402_1P_1000-1380!33.2!
S!R11!!!R_2K43_0402_1P_1000-1503!2.43K!
S!R12!!!R_10K_0402_1P_1000-1234!10K!
S!R15!!!R_10K_0402_1P_1000-1234!10K!
S!R16!!!R_10K_0402_1P_1000-1234!10K!
S!R19!!!R_10K_0402_1P_1000-1234!10K!
S!R2!!!R_10K_0402_1P_1000-1234!10K!
S!R20!!!R_10K_0402_1P_1000-1234!10K!
S!R23!!!R_10K_0402_1P_1000-1234!10K!
S!R6!!!R_10K_0402_1P_1000-1234!10K!
S!R13!!!R_510K_0402_5P_1000-1504!510K!
S!R14!!!R_510K_0402_5P_1000-1504!510K!
S!R17!!!R_510K_0402_5P_1000-1504!510K!
S!R18!!!R_510K_0402_5P_1000-1504!510K!
S!R21!!!R_3K57_0402_1P_1000-1344!3.57K!
S!R22!!!R_1K15_0402_1P_1000-1345!1.15K!
S!R24!!!R_0_0402_5P_1000-1377!0!
S!R25!!!R_0_0402_5P_1000-1377!0!
S!R26!!!R_0_0402_5P_1000-1377!0!
S!R27!!!R_0_0402_5P_1000-1377!0!
S!R28!!!R_0_0402_5P_1000-1377!0!
S!R29!!!R_0_0402_5P_1000-1377!0!
S!R4!!!R_0_0402_5P_1000-1377!0!
S!R3!!!R_15K_0402_5P_1000-1505!15K!
S!R5!!!R_0_0402_5P_1000-1377!DNL_0!
S!R7!!!R_470_0402_5P_1000-1506!470!
S!R8!!!R_470_0402_5P_1000-1506!470!
S!R9!!!R_470_0402_5P_1000-1506!470!
S!U1!!!4000-1384_UPD720114_TQFP48!UPD720114_QFP!
S!U2!!!4000-1385_AP1212L_SOL8L!AP1212!
S!U3!!!4000-1385_AP1212L_SOL8L!AP1212!
S!U4!!!IC_TPS74801_SON10_3X3_ADJ_REG!TPS74801!
S!X1!!!XTAL_30MHZ_4P_VXM5_1900-1069!30MHZ_50PPM!
